Analysis & Elaboration report for Decompressor
Thu Oct 16 22:00:33 2025
Quartus Prime Version 22.1std.0 Build 915 10/25/2022 SC Lite Edition


---------------------
; Table of Contents ;
---------------------
  1. Legal Notice
  2. Analysis & Elaboration Summary
  3. Parallel Compilation
  4. Analysis & Elaboration Settings
  5. Port Connectivity Checks: "decompression_module:dut"
  6. Analysis & Elaboration Messages



----------------
; Legal Notice ;
----------------
Copyright (C) 2022  Intel Corporation. All rights reserved.
Your use of Intel Corporation's design tools, logic functions 
and other software and tools, and any partner logic 
functions, and any output files from any of the foregoing 
(including device programming or simulation files), and any 
associated documentation or information are expressly subject 
to the terms and conditions of the Intel Program License 
Subscription Agreement, the Intel Quartus Prime License Agreement,
the Intel FPGA IP License Agreement, or other applicable license
agreement, including, without limitation, that your use is for
the sole purpose of programming logic devices manufactured by
Intel and sold by Intel or its authorized distributors.  Please
refer to the applicable agreement for further details, at
https://fpgasoftware.intel.com/eula.



+--------------------------------------------------------------------------------+
; Analysis & Elaboration Summary                                                 ;
+-------------------------------+------------------------------------------------+
; Analysis & Elaboration Status ; Successful - Thu Oct 16 22:00:33 2025          ;
; Quartus Prime Version         ; 22.1std.0 Build 915 10/25/2022 SC Lite Edition ;
; Revision Name                 ; Decompressor                                   ;
; Top-level Entity Name         ; tb_decompression_module                        ;
; Family                        ; Cyclone V                                      ;
; Logic utilization (in ALMs)   ; N/A until Partition Merge                      ;
; Total registers               ; N/A until Partition Merge                      ;
; Total pins                    ; N/A until Partition Merge                      ;
; Total virtual pins            ; N/A until Partition Merge                      ;
; Total block memory bits       ; N/A until Partition Merge                      ;
; Total PLLs                    ; N/A until Partition Merge                      ;
; Total DLLs                    ; N/A until Partition Merge                      ;
+-------------------------------+------------------------------------------------+


+------------------------------------------+
; Parallel Compilation                     ;
+----------------------------+-------------+
; Processors                 ; Number      ;
+----------------------------+-------------+
; Number detected on machine ; 12          ;
; Maximum allowed            ; 12          ;
;                            ;             ;
; Average used               ; 1.00        ;
; Maximum used               ; 1           ;
;                            ;             ;
; Usage by Processor         ; % Time Used ;
;     Processor 1            ; 100.0%      ;
+----------------------------+-------------+


+--------------------------------------------------------------------------------------------------------------------------------+
; Analysis & Elaboration Settings                                                                                                ;
+---------------------------------------------------------------------------------+-------------------------+--------------------+
; Option                                                                          ; Setting                 ; Default Value      ;
+---------------------------------------------------------------------------------+-------------------------+--------------------+
; Device                                                                          ; 5CGXFC7C7F23C8          ;                    ;
; Top-level entity name                                                           ; tb_decompression_module ; Decompressor       ;
; Family name                                                                     ; Cyclone V               ; Cyclone V          ;
; Use smart compilation                                                           ; Off                     ; Off                ;
; Enable parallel Assembler and Timing Analyzer during compilation                ; On                      ; On                 ;
; Enable compact report table                                                     ; Off                     ; Off                ;
; Restructure Multiplexers                                                        ; Auto                    ; Auto               ;
; MLAB Add Timing Constraints For Mixed-Port Feed-Through Mode Setting Don't Care ; Off                     ; Off                ;
; Create Debugging Nodes for IP Cores                                             ; Off                     ; Off                ;
; Preserve fewer node names                                                       ; On                      ; On                 ;
; Intel FPGA IP Evaluation Mode                                                   ; Enable                  ; Enable             ;
; Verilog Version                                                                 ; Verilog_2001            ; Verilog_2001       ;
; VHDL Version                                                                    ; VHDL_1993               ; VHDL_1993          ;
; State Machine Processing                                                        ; Auto                    ; Auto               ;
; Safe State Machine                                                              ; Off                     ; Off                ;
; Extract Verilog State Machines                                                  ; On                      ; On                 ;
; Extract VHDL State Machines                                                     ; On                      ; On                 ;
; Ignore Verilog initial constructs                                               ; Off                     ; Off                ;
; Iteration limit for constant Verilog loops                                      ; 5000                    ; 5000               ;
; Iteration limit for non-constant Verilog loops                                  ; 250                     ; 250                ;
; Add Pass-Through Logic to Inferred RAMs                                         ; On                      ; On                 ;
; Infer RAMs from Raw Logic                                                       ; On                      ; On                 ;
; Parallel Synthesis                                                              ; On                      ; On                 ;
; DSP Block Balancing                                                             ; Auto                    ; Auto               ;
; NOT Gate Push-Back                                                              ; On                      ; On                 ;
; Power-Up Don't Care                                                             ; On                      ; On                 ;
; Remove Redundant Logic Cells                                                    ; Off                     ; Off                ;
; Remove Duplicate Registers                                                      ; On                      ; On                 ;
; Ignore CARRY Buffers                                                            ; Off                     ; Off                ;
; Ignore CASCADE Buffers                                                          ; Off                     ; Off                ;
; Ignore GLOBAL Buffers                                                           ; Off                     ; Off                ;
; Ignore ROW GLOBAL Buffers                                                       ; Off                     ; Off                ;
; Ignore LCELL Buffers                                                            ; Off                     ; Off                ;
; Ignore SOFT Buffers                                                             ; On                      ; On                 ;
; Limit AHDL Integers to 32 Bits                                                  ; Off                     ; Off                ;
; Optimization Technique                                                          ; Balanced                ; Balanced           ;
; Carry Chain Length                                                              ; 70                      ; 70                 ;
; Auto Carry Chains                                                               ; On                      ; On                 ;
; Auto Open-Drain Pins                                                            ; On                      ; On                 ;
; Perform WYSIWYG Primitive Resynthesis                                           ; Off                     ; Off                ;
; Auto ROM Replacement                                                            ; On                      ; On                 ;
; Auto RAM Replacement                                                            ; On                      ; On                 ;
; Auto DSP Block Replacement                                                      ; On                      ; On                 ;
; Auto Shift Register Replacement                                                 ; Auto                    ; Auto               ;
; Allow Shift Register Merging across Hierarchies                                 ; Auto                    ; Auto               ;
; Auto Clock Enable Replacement                                                   ; On                      ; On                 ;
; Strict RAM Replacement                                                          ; Off                     ; Off                ;
; Allow Synchronous Control Signals                                               ; On                      ; On                 ;
; Force Use of Synchronous Clear Signals                                          ; Off                     ; Off                ;
; Auto Resource Sharing                                                           ; Off                     ; Off                ;
; Allow Any RAM Size For Recognition                                              ; Off                     ; Off                ;
; Allow Any ROM Size For Recognition                                              ; Off                     ; Off                ;
; Allow Any Shift Register Size For Recognition                                   ; Off                     ; Off                ;
; Use LogicLock Constraints during Resource Balancing                             ; On                      ; On                 ;
; Ignore translate_off and synthesis_off directives                               ; Off                     ; Off                ;
; Timing-Driven Synthesis                                                         ; On                      ; On                 ;
; Report Parameter Settings                                                       ; On                      ; On                 ;
; Report Source Assignments                                                       ; On                      ; On                 ;
; Report Connectivity Checks                                                      ; On                      ; On                 ;
; Ignore Maximum Fan-Out Assignments                                              ; Off                     ; Off                ;
; Synchronization Register Chain Length                                           ; 3                       ; 3                  ;
; Power Optimization During Synthesis                                             ; Normal compilation      ; Normal compilation ;
; HDL message level                                                               ; Level2                  ; Level2             ;
; Suppress Register Optimization Related Messages                                 ; Off                     ; Off                ;
; Number of Removed Registers Reported in Synthesis Report                        ; 5000                    ; 5000               ;
; Number of Swept Nodes Reported in Synthesis Report                              ; 5000                    ; 5000               ;
; Number of Inverted Registers Reported in Synthesis Report                       ; 100                     ; 100                ;
; Clock MUX Protection                                                            ; On                      ; On                 ;
; Auto Gated Clock Conversion                                                     ; Off                     ; Off                ;
; Block Design Naming                                                             ; Auto                    ; Auto               ;
; SDC constraint protection                                                       ; Off                     ; Off                ;
; Synthesis Effort                                                                ; Auto                    ; Auto               ;
; Shift Register Replacement - Allow Asynchronous Clear Signal                    ; On                      ; On                 ;
; Pre-Mapping Resynthesis Optimization                                            ; Off                     ; Off                ;
; Analysis & Synthesis Message Level                                              ; Medium                  ; Medium             ;
; Disable Register Merging Across Hierarchies                                     ; Auto                    ; Auto               ;
; Resource Aware Inference For Block RAM                                          ; On                      ; On                 ;
; Automatic Parallel Synthesis                                                    ; On                      ; On                 ;
; Partial Reconfiguration Bitstream ID                                            ; Off                     ; Off                ;
+---------------------------------------------------------------------------------+-------------------------+--------------------+


+-----------------------------------------------------------------------------------------------------------------------+
; Port Connectivity Checks: "decompression_module:dut"                                                                  ;
+-------------+--------+----------+-------------------------------------------------------------------------------------+
; Port        ; Type   ; Severity ; Details                                                                             ;
+-------------+--------+----------+-------------------------------------------------------------------------------------+
; instruction ; Output ; Info     ; Connected to dangling logic. Logic that only feeds a dangling port will be removed. ;
+-------------+--------+----------+-------------------------------------------------------------------------------------+


+---------------------------------+
; Analysis & Elaboration Messages ;
+---------------------------------+
Info: *******************************************************************
Info: Running Quartus Prime Analysis & Elaboration
    Info: Version 22.1std.0 Build 915 10/25/2022 SC Lite Edition
    Info: Processing started: Thu Oct 16 22:00:26 2025
Info: Command: quartus_map --read_settings_files=on --write_settings_files=off Decompressor -c Decompressor --analysis_and_elaboration
Warning (18236): Number of processors has not been specified which may cause overloading on shared machines.  Set the global assignment NUM_PARALLEL_PROCESSORS in your QSF to an appropriate value for best performance.
Info (20030): Parallel compilation is enabled and will use 12 of the 12 processors detected
Info (12021): Found 1 design units, including 1 entities, in source file decompression_module.sv
    Info (12023): Found entity 1: decompression_module File: C:/TEC/II Semestre 2025/Proyecto/Proyecto Aplicacion/Proyecto_de_Aplicaci-n_Sistema_Compresor_Descompresor_Aplicado_a_Procesador_POC/Sistema_Descompresor/decompression_module.sv Line: 1
Info (12021): Found 1 design units, including 1 entities, in source file tb_decompression_module.sv
    Info (12023): Found entity 1: tb_decompression_module File: C:/TEC/II Semestre 2025/Proyecto/Proyecto Aplicacion/Proyecto_de_Aplicaci-n_Sistema_Compresor_Descompresor_Aplicado_a_Procesador_POC/Sistema_Descompresor/tb_decompression_module.sv Line: 1
Info (12127): Elaborating entity "tb_decompression_module" for the top level hierarchy
Warning (10755): Verilog HDL warning at tb_decompression_module.sv(16): assignments to clk create a combinational loop File: C:/TEC/II Semestre 2025/Proyecto/Proyecto Aplicacion/Proyecto_de_Aplicaci-n_Sistema_Compresor_Descompresor_Aplicado_a_Procesador_POC/Sistema_Descompresor/tb_decompression_module.sv Line: 16
Warning (10175): Verilog HDL warning at tb_decompression_module.sv(66): ignoring unsupported system task File: C:/TEC/II Semestre 2025/Proyecto/Proyecto Aplicacion/Proyecto_de_Aplicaci-n_Sistema_Compresor_Descompresor_Aplicado_a_Procesador_POC/Sistema_Descompresor/tb_decompression_module.sv Line: 66
Info (12128): Elaborating entity "decompression_module" for hierarchy "decompression_module:dut" File: C:/TEC/II Semestre 2025/Proyecto/Proyecto Aplicacion/Proyecto_de_Aplicaci-n_Sistema_Compresor_Descompresor_Aplicado_a_Procesador_POC/Sistema_Descompresor/tb_decompression_module.sv Line: 13
Warning (10850): Verilog HDL warning at decompression_module.sv(11): number of words (209) in memory file does not match the number of elements in the address range [0:400] File: C:/TEC/II Semestre 2025/Proyecto/Proyecto Aplicacion/Proyecto_de_Aplicaci-n_Sistema_Compresor_Descompresor_Aplicado_a_Procesador_POC/Sistema_Descompresor/decompression_module.sv Line: 11
Warning (10850): Verilog HDL warning at decompression_module.sv(12): number of words (5) in memory file does not match the number of elements in the address range [0:9] File: C:/TEC/II Semestre 2025/Proyecto/Proyecto Aplicacion/Proyecto_de_Aplicaci-n_Sistema_Compresor_Descompresor_Aplicado_a_Procesador_POC/Sistema_Descompresor/decompression_module.sv Line: 12
Warning (10855): Verilog HDL warning at decompression_module.sv(10): initial value for variable translator_table should be constant File: C:/TEC/II Semestre 2025/Proyecto/Proyecto Aplicacion/Proyecto_de_Aplicaci-n_Sistema_Compresor_Descompresor_Aplicado_a_Procesador_POC/Sistema_Descompresor/decompression_module.sv Line: 10
Warning (10235): Verilog HDL Always Construct warning at decompression_module.sv(20): variable "counter_tmp" is read inside the Always Construct but isn't in the Always Construct's Event Control File: C:/TEC/II Semestre 2025/Proyecto/Proyecto Aplicacion/Proyecto_de_Aplicaci-n_Sistema_Compresor_Descompresor_Aplicado_a_Procesador_POC/Sistema_Descompresor/decompression_module.sv Line: 20
Warning (10235): Verilog HDL Always Construct warning at decompression_module.sv(21): variable "buffer" is read inside the Always Construct but isn't in the Always Construct's Event Control File: C:/TEC/II Semestre 2025/Proyecto/Proyecto Aplicacion/Proyecto_de_Aplicaci-n_Sistema_Compresor_Descompresor_Aplicado_a_Procesador_POC/Sistema_Descompresor/decompression_module.sv Line: 21
Warning (10762): Verilog HDL Case Statement warning at decompression_module.sv(28): can't check case statement for completeness because the case expression has too many possible states File: C:/TEC/II Semestre 2025/Proyecto/Proyecto Aplicacion/Proyecto_de_Aplicaci-n_Sistema_Compresor_Descompresor_Aplicado_a_Procesador_POC/Sistema_Descompresor/decompression_module.sv Line: 28
Warning (10240): Verilog HDL Always Construct warning at decompression_module.sv(15): inferring latch(es) for variable "less_pc", which holds its previous value in one or more paths through the always construct File: C:/TEC/II Semestre 2025/Proyecto/Proyecto Aplicacion/Proyecto_de_Aplicaci-n_Sistema_Compresor_Descompresor_Aplicado_a_Procesador_POC/Sistema_Descompresor/decompression_module.sv Line: 15
Warning (10240): Verilog HDL Always Construct warning at decompression_module.sv(15): inferring latch(es) for variable "counter_tmp", which holds its previous value in one or more paths through the always construct File: C:/TEC/II Semestre 2025/Proyecto/Proyecto Aplicacion/Proyecto_de_Aplicaci-n_Sistema_Compresor_Descompresor_Aplicado_a_Procesador_POC/Sistema_Descompresor/decompression_module.sv Line: 15
Warning (10240): Verilog HDL Always Construct warning at decompression_module.sv(15): inferring latch(es) for variable "buffer", which holds its previous value in one or more paths through the always construct File: C:/TEC/II Semestre 2025/Proyecto/Proyecto Aplicacion/Proyecto_de_Aplicaci-n_Sistema_Compresor_Descompresor_Aplicado_a_Procesador_POC/Sistema_Descompresor/decompression_module.sv Line: 15
Warning (10030): Net "final_code.data_a" at decompression_module.sv(4) has no driver or initial value, using a default initial value '0' File: C:/TEC/II Semestre 2025/Proyecto/Proyecto Aplicacion/Proyecto_de_Aplicaci-n_Sistema_Compresor_Descompresor_Aplicado_a_Procesador_POC/Sistema_Descompresor/decompression_module.sv Line: 4
Warning (10030): Net "final_code.waddr_a" at decompression_module.sv(4) has no driver or initial value, using a default initial value '0' File: C:/TEC/II Semestre 2025/Proyecto/Proyecto Aplicacion/Proyecto_de_Aplicaci-n_Sistema_Compresor_Descompresor_Aplicado_a_Procesador_POC/Sistema_Descompresor/decompression_module.sv Line: 4
Warning (10030): Net "translator_table[0][31..0]" at decompression_module.sv(5) has no driver or initial value, using a default initial value '0' File: C:/TEC/II Semestre 2025/Proyecto/Proyecto Aplicacion/Proyecto_de_Aplicaci-n_Sistema_Compresor_Descompresor_Aplicado_a_Procesador_POC/Sistema_Descompresor/decompression_module.sv Line: 5
Warning (10030): Net "translator_table[1][31..0]" at decompression_module.sv(5) has no driver or initial value, using a default initial value '0' File: C:/TEC/II Semestre 2025/Proyecto/Proyecto Aplicacion/Proyecto_de_Aplicaci-n_Sistema_Compresor_Descompresor_Aplicado_a_Procesador_POC/Sistema_Descompresor/decompression_module.sv Line: 5
Warning (10030): Net "translator_table[2][31..0]" at decompression_module.sv(5) has no driver or initial value, using a default initial value '0' File: C:/TEC/II Semestre 2025/Proyecto/Proyecto Aplicacion/Proyecto_de_Aplicaci-n_Sistema_Compresor_Descompresor_Aplicado_a_Procesador_POC/Sistema_Descompresor/decompression_module.sv Line: 5
Warning (10030): Net "final_code.we_a" at decompression_module.sv(4) has no driver or initial value, using a default initial value '0' File: C:/TEC/II Semestre 2025/Proyecto/Proyecto Aplicacion/Proyecto_de_Aplicaci-n_Sistema_Compresor_Descompresor_Aplicado_a_Procesador_POC/Sistema_Descompresor/decompression_module.sv Line: 4
Info (10041): Inferred latch for "less_pc[0]" at decompression_module.sv(26) File: C:/TEC/II Semestre 2025/Proyecto/Proyecto Aplicacion/Proyecto_de_Aplicaci-n_Sistema_Compresor_Descompresor_Aplicado_a_Procesador_POC/Sistema_Descompresor/decompression_module.sv Line: 26
Info (10041): Inferred latch for "less_pc[1]" at decompression_module.sv(26) File: C:/TEC/II Semestre 2025/Proyecto/Proyecto Aplicacion/Proyecto_de_Aplicaci-n_Sistema_Compresor_Descompresor_Aplicado_a_Procesador_POC/Sistema_Descompresor/decompression_module.sv Line: 26
Info (10041): Inferred latch for "less_pc[2]" at decompression_module.sv(26) File: C:/TEC/II Semestre 2025/Proyecto/Proyecto Aplicacion/Proyecto_de_Aplicaci-n_Sistema_Compresor_Descompresor_Aplicado_a_Procesador_POC/Sistema_Descompresor/decompression_module.sv Line: 26
Info (10041): Inferred latch for "less_pc[3]" at decompression_module.sv(26) File: C:/TEC/II Semestre 2025/Proyecto/Proyecto Aplicacion/Proyecto_de_Aplicaci-n_Sistema_Compresor_Descompresor_Aplicado_a_Procesador_POC/Sistema_Descompresor/decompression_module.sv Line: 26
Info (10041): Inferred latch for "less_pc[4]" at decompression_module.sv(26) File: C:/TEC/II Semestre 2025/Proyecto/Proyecto Aplicacion/Proyecto_de_Aplicaci-n_Sistema_Compresor_Descompresor_Aplicado_a_Procesador_POC/Sistema_Descompresor/decompression_module.sv Line: 26
Info (10041): Inferred latch for "less_pc[5]" at decompression_module.sv(26) File: C:/TEC/II Semestre 2025/Proyecto/Proyecto Aplicacion/Proyecto_de_Aplicaci-n_Sistema_Compresor_Descompresor_Aplicado_a_Procesador_POC/Sistema_Descompresor/decompression_module.sv Line: 26
Info (10041): Inferred latch for "less_pc[6]" at decompression_module.sv(26) File: C:/TEC/II Semestre 2025/Proyecto/Proyecto Aplicacion/Proyecto_de_Aplicaci-n_Sistema_Compresor_Descompresor_Aplicado_a_Procesador_POC/Sistema_Descompresor/decompression_module.sv Line: 26
Info (10041): Inferred latch for "less_pc[7]" at decompression_module.sv(26) File: C:/TEC/II Semestre 2025/Proyecto/Proyecto Aplicacion/Proyecto_de_Aplicaci-n_Sistema_Compresor_Descompresor_Aplicado_a_Procesador_POC/Sistema_Descompresor/decompression_module.sv Line: 26
Info (10041): Inferred latch for "less_pc[8]" at decompression_module.sv(26) File: C:/TEC/II Semestre 2025/Proyecto/Proyecto Aplicacion/Proyecto_de_Aplicaci-n_Sistema_Compresor_Descompresor_Aplicado_a_Procesador_POC/Sistema_Descompresor/decompression_module.sv Line: 26
Info (10041): Inferred latch for "less_pc[9]" at decompression_module.sv(26) File: C:/TEC/II Semestre 2025/Proyecto/Proyecto Aplicacion/Proyecto_de_Aplicaci-n_Sistema_Compresor_Descompresor_Aplicado_a_Procesador_POC/Sistema_Descompresor/decompression_module.sv Line: 26
Info (10041): Inferred latch for "less_pc[10]" at decompression_module.sv(26) File: C:/TEC/II Semestre 2025/Proyecto/Proyecto Aplicacion/Proyecto_de_Aplicaci-n_Sistema_Compresor_Descompresor_Aplicado_a_Procesador_POC/Sistema_Descompresor/decompression_module.sv Line: 26
Info (10041): Inferred latch for "less_pc[11]" at decompression_module.sv(26) File: C:/TEC/II Semestre 2025/Proyecto/Proyecto Aplicacion/Proyecto_de_Aplicaci-n_Sistema_Compresor_Descompresor_Aplicado_a_Procesador_POC/Sistema_Descompresor/decompression_module.sv Line: 26
Info (10041): Inferred latch for "less_pc[12]" at decompression_module.sv(26) File: C:/TEC/II Semestre 2025/Proyecto/Proyecto Aplicacion/Proyecto_de_Aplicaci-n_Sistema_Compresor_Descompresor_Aplicado_a_Procesador_POC/Sistema_Descompresor/decompression_module.sv Line: 26
Info (10041): Inferred latch for "less_pc[13]" at decompression_module.sv(26) File: C:/TEC/II Semestre 2025/Proyecto/Proyecto Aplicacion/Proyecto_de_Aplicaci-n_Sistema_Compresor_Descompresor_Aplicado_a_Procesador_POC/Sistema_Descompresor/decompression_module.sv Line: 26
Info (10041): Inferred latch for "less_pc[14]" at decompression_module.sv(26) File: C:/TEC/II Semestre 2025/Proyecto/Proyecto Aplicacion/Proyecto_de_Aplicaci-n_Sistema_Compresor_Descompresor_Aplicado_a_Procesador_POC/Sistema_Descompresor/decompression_module.sv Line: 26
Info (10041): Inferred latch for "less_pc[15]" at decompression_module.sv(26) File: C:/TEC/II Semestre 2025/Proyecto/Proyecto Aplicacion/Proyecto_de_Aplicaci-n_Sistema_Compresor_Descompresor_Aplicado_a_Procesador_POC/Sistema_Descompresor/decompression_module.sv Line: 26
Info (10041): Inferred latch for "less_pc[16]" at decompression_module.sv(26) File: C:/TEC/II Semestre 2025/Proyecto/Proyecto Aplicacion/Proyecto_de_Aplicaci-n_Sistema_Compresor_Descompresor_Aplicado_a_Procesador_POC/Sistema_Descompresor/decompression_module.sv Line: 26
Info (10041): Inferred latch for "less_pc[17]" at decompression_module.sv(26) File: C:/TEC/II Semestre 2025/Proyecto/Proyecto Aplicacion/Proyecto_de_Aplicaci-n_Sistema_Compresor_Descompresor_Aplicado_a_Procesador_POC/Sistema_Descompresor/decompression_module.sv Line: 26
Info (10041): Inferred latch for "less_pc[18]" at decompression_module.sv(26) File: C:/TEC/II Semestre 2025/Proyecto/Proyecto Aplicacion/Proyecto_de_Aplicaci-n_Sistema_Compresor_Descompresor_Aplicado_a_Procesador_POC/Sistema_Descompresor/decompression_module.sv Line: 26
Info (10041): Inferred latch for "less_pc[19]" at decompression_module.sv(26) File: C:/TEC/II Semestre 2025/Proyecto/Proyecto Aplicacion/Proyecto_de_Aplicaci-n_Sistema_Compresor_Descompresor_Aplicado_a_Procesador_POC/Sistema_Descompresor/decompression_module.sv Line: 26
Info (10041): Inferred latch for "less_pc[20]" at decompression_module.sv(26) File: C:/TEC/II Semestre 2025/Proyecto/Proyecto Aplicacion/Proyecto_de_Aplicaci-n_Sistema_Compresor_Descompresor_Aplicado_a_Procesador_POC/Sistema_Descompresor/decompression_module.sv Line: 26
Info (10041): Inferred latch for "less_pc[21]" at decompression_module.sv(26) File: C:/TEC/II Semestre 2025/Proyecto/Proyecto Aplicacion/Proyecto_de_Aplicaci-n_Sistema_Compresor_Descompresor_Aplicado_a_Procesador_POC/Sistema_Descompresor/decompression_module.sv Line: 26
Info (10041): Inferred latch for "less_pc[22]" at decompression_module.sv(26) File: C:/TEC/II Semestre 2025/Proyecto/Proyecto Aplicacion/Proyecto_de_Aplicaci-n_Sistema_Compresor_Descompresor_Aplicado_a_Procesador_POC/Sistema_Descompresor/decompression_module.sv Line: 26
Info (10041): Inferred latch for "less_pc[23]" at decompression_module.sv(26) File: C:/TEC/II Semestre 2025/Proyecto/Proyecto Aplicacion/Proyecto_de_Aplicaci-n_Sistema_Compresor_Descompresor_Aplicado_a_Procesador_POC/Sistema_Descompresor/decompression_module.sv Line: 26
Info (10041): Inferred latch for "less_pc[24]" at decompression_module.sv(26) File: C:/TEC/II Semestre 2025/Proyecto/Proyecto Aplicacion/Proyecto_de_Aplicaci-n_Sistema_Compresor_Descompresor_Aplicado_a_Procesador_POC/Sistema_Descompresor/decompression_module.sv Line: 26
Info (10041): Inferred latch for "less_pc[25]" at decompression_module.sv(26) File: C:/TEC/II Semestre 2025/Proyecto/Proyecto Aplicacion/Proyecto_de_Aplicaci-n_Sistema_Compresor_Descompresor_Aplicado_a_Procesador_POC/Sistema_Descompresor/decompression_module.sv Line: 26
Info (10041): Inferred latch for "less_pc[26]" at decompression_module.sv(26) File: C:/TEC/II Semestre 2025/Proyecto/Proyecto Aplicacion/Proyecto_de_Aplicaci-n_Sistema_Compresor_Descompresor_Aplicado_a_Procesador_POC/Sistema_Descompresor/decompression_module.sv Line: 26
Info (10041): Inferred latch for "less_pc[27]" at decompression_module.sv(26) File: C:/TEC/II Semestre 2025/Proyecto/Proyecto Aplicacion/Proyecto_de_Aplicaci-n_Sistema_Compresor_Descompresor_Aplicado_a_Procesador_POC/Sistema_Descompresor/decompression_module.sv Line: 26
Info (10041): Inferred latch for "less_pc[28]" at decompression_module.sv(26) File: C:/TEC/II Semestre 2025/Proyecto/Proyecto Aplicacion/Proyecto_de_Aplicaci-n_Sistema_Compresor_Descompresor_Aplicado_a_Procesador_POC/Sistema_Descompresor/decompression_module.sv Line: 26
Info (10041): Inferred latch for "less_pc[29]" at decompression_module.sv(26) File: C:/TEC/II Semestre 2025/Proyecto/Proyecto Aplicacion/Proyecto_de_Aplicaci-n_Sistema_Compresor_Descompresor_Aplicado_a_Procesador_POC/Sistema_Descompresor/decompression_module.sv Line: 26
Info (10041): Inferred latch for "less_pc[30]" at decompression_module.sv(26) File: C:/TEC/II Semestre 2025/Proyecto/Proyecto Aplicacion/Proyecto_de_Aplicaci-n_Sistema_Compresor_Descompresor_Aplicado_a_Procesador_POC/Sistema_Descompresor/decompression_module.sv Line: 26
Info (10041): Inferred latch for "less_pc[31]" at decompression_module.sv(26) File: C:/TEC/II Semestre 2025/Proyecto/Proyecto Aplicacion/Proyecto_de_Aplicaci-n_Sistema_Compresor_Descompresor_Aplicado_a_Procesador_POC/Sistema_Descompresor/decompression_module.sv Line: 26
Info (10041): Inferred latch for "buffer[0]" at decompression_module.sv(26) File: C:/TEC/II Semestre 2025/Proyecto/Proyecto Aplicacion/Proyecto_de_Aplicaci-n_Sistema_Compresor_Descompresor_Aplicado_a_Procesador_POC/Sistema_Descompresor/decompression_module.sv Line: 26
Info (10041): Inferred latch for "buffer[1]" at decompression_module.sv(26) File: C:/TEC/II Semestre 2025/Proyecto/Proyecto Aplicacion/Proyecto_de_Aplicaci-n_Sistema_Compresor_Descompresor_Aplicado_a_Procesador_POC/Sistema_Descompresor/decompression_module.sv Line: 26
Info (10041): Inferred latch for "buffer[2]" at decompression_module.sv(26) File: C:/TEC/II Semestre 2025/Proyecto/Proyecto Aplicacion/Proyecto_de_Aplicaci-n_Sistema_Compresor_Descompresor_Aplicado_a_Procesador_POC/Sistema_Descompresor/decompression_module.sv Line: 26
Info (10041): Inferred latch for "buffer[3]" at decompression_module.sv(26) File: C:/TEC/II Semestre 2025/Proyecto/Proyecto Aplicacion/Proyecto_de_Aplicaci-n_Sistema_Compresor_Descompresor_Aplicado_a_Procesador_POC/Sistema_Descompresor/decompression_module.sv Line: 26
Info (10041): Inferred latch for "buffer[4]" at decompression_module.sv(26) File: C:/TEC/II Semestre 2025/Proyecto/Proyecto Aplicacion/Proyecto_de_Aplicaci-n_Sistema_Compresor_Descompresor_Aplicado_a_Procesador_POC/Sistema_Descompresor/decompression_module.sv Line: 26
Info (10041): Inferred latch for "buffer[5]" at decompression_module.sv(26) File: C:/TEC/II Semestre 2025/Proyecto/Proyecto Aplicacion/Proyecto_de_Aplicaci-n_Sistema_Compresor_Descompresor_Aplicado_a_Procesador_POC/Sistema_Descompresor/decompression_module.sv Line: 26
Info (10041): Inferred latch for "buffer[6]" at decompression_module.sv(26) File: C:/TEC/II Semestre 2025/Proyecto/Proyecto Aplicacion/Proyecto_de_Aplicaci-n_Sistema_Compresor_Descompresor_Aplicado_a_Procesador_POC/Sistema_Descompresor/decompression_module.sv Line: 26
Info (10041): Inferred latch for "buffer[7]" at decompression_module.sv(26) File: C:/TEC/II Semestre 2025/Proyecto/Proyecto Aplicacion/Proyecto_de_Aplicaci-n_Sistema_Compresor_Descompresor_Aplicado_a_Procesador_POC/Sistema_Descompresor/decompression_module.sv Line: 26
Info (10041): Inferred latch for "buffer[8]" at decompression_module.sv(26) File: C:/TEC/II Semestre 2025/Proyecto/Proyecto Aplicacion/Proyecto_de_Aplicaci-n_Sistema_Compresor_Descompresor_Aplicado_a_Procesador_POC/Sistema_Descompresor/decompression_module.sv Line: 26
Info (10041): Inferred latch for "buffer[9]" at decompression_module.sv(26) File: C:/TEC/II Semestre 2025/Proyecto/Proyecto Aplicacion/Proyecto_de_Aplicaci-n_Sistema_Compresor_Descompresor_Aplicado_a_Procesador_POC/Sistema_Descompresor/decompression_module.sv Line: 26
Info (10041): Inferred latch for "buffer[10]" at decompression_module.sv(26) File: C:/TEC/II Semestre 2025/Proyecto/Proyecto Aplicacion/Proyecto_de_Aplicaci-n_Sistema_Compresor_Descompresor_Aplicado_a_Procesador_POC/Sistema_Descompresor/decompression_module.sv Line: 26
Info (10041): Inferred latch for "buffer[11]" at decompression_module.sv(26) File: C:/TEC/II Semestre 2025/Proyecto/Proyecto Aplicacion/Proyecto_de_Aplicaci-n_Sistema_Compresor_Descompresor_Aplicado_a_Procesador_POC/Sistema_Descompresor/decompression_module.sv Line: 26
Info (10041): Inferred latch for "buffer[12]" at decompression_module.sv(26) File: C:/TEC/II Semestre 2025/Proyecto/Proyecto Aplicacion/Proyecto_de_Aplicaci-n_Sistema_Compresor_Descompresor_Aplicado_a_Procesador_POC/Sistema_Descompresor/decompression_module.sv Line: 26
Info (10041): Inferred latch for "buffer[13]" at decompression_module.sv(26) File: C:/TEC/II Semestre 2025/Proyecto/Proyecto Aplicacion/Proyecto_de_Aplicaci-n_Sistema_Compresor_Descompresor_Aplicado_a_Procesador_POC/Sistema_Descompresor/decompression_module.sv Line: 26
Info (10041): Inferred latch for "buffer[14]" at decompression_module.sv(26) File: C:/TEC/II Semestre 2025/Proyecto/Proyecto Aplicacion/Proyecto_de_Aplicaci-n_Sistema_Compresor_Descompresor_Aplicado_a_Procesador_POC/Sistema_Descompresor/decompression_module.sv Line: 26
Info (10041): Inferred latch for "buffer[15]" at decompression_module.sv(26) File: C:/TEC/II Semestre 2025/Proyecto/Proyecto Aplicacion/Proyecto_de_Aplicaci-n_Sistema_Compresor_Descompresor_Aplicado_a_Procesador_POC/Sistema_Descompresor/decompression_module.sv Line: 26
Info (10041): Inferred latch for "buffer[16]" at decompression_module.sv(26) File: C:/TEC/II Semestre 2025/Proyecto/Proyecto Aplicacion/Proyecto_de_Aplicaci-n_Sistema_Compresor_Descompresor_Aplicado_a_Procesador_POC/Sistema_Descompresor/decompression_module.sv Line: 26
Info (10041): Inferred latch for "buffer[17]" at decompression_module.sv(26) File: C:/TEC/II Semestre 2025/Proyecto/Proyecto Aplicacion/Proyecto_de_Aplicaci-n_Sistema_Compresor_Descompresor_Aplicado_a_Procesador_POC/Sistema_Descompresor/decompression_module.sv Line: 26
Info (10041): Inferred latch for "buffer[18]" at decompression_module.sv(26) File: C:/TEC/II Semestre 2025/Proyecto/Proyecto Aplicacion/Proyecto_de_Aplicaci-n_Sistema_Compresor_Descompresor_Aplicado_a_Procesador_POC/Sistema_Descompresor/decompression_module.sv Line: 26
Info (10041): Inferred latch for "buffer[19]" at decompression_module.sv(26) File: C:/TEC/II Semestre 2025/Proyecto/Proyecto Aplicacion/Proyecto_de_Aplicaci-n_Sistema_Compresor_Descompresor_Aplicado_a_Procesador_POC/Sistema_Descompresor/decompression_module.sv Line: 26
Info (10041): Inferred latch for "buffer[20]" at decompression_module.sv(26) File: C:/TEC/II Semestre 2025/Proyecto/Proyecto Aplicacion/Proyecto_de_Aplicaci-n_Sistema_Compresor_Descompresor_Aplicado_a_Procesador_POC/Sistema_Descompresor/decompression_module.sv Line: 26
Info (10041): Inferred latch for "buffer[21]" at decompression_module.sv(26) File: C:/TEC/II Semestre 2025/Proyecto/Proyecto Aplicacion/Proyecto_de_Aplicaci-n_Sistema_Compresor_Descompresor_Aplicado_a_Procesador_POC/Sistema_Descompresor/decompression_module.sv Line: 26
Info (10041): Inferred latch for "buffer[22]" at decompression_module.sv(26) File: C:/TEC/II Semestre 2025/Proyecto/Proyecto Aplicacion/Proyecto_de_Aplicaci-n_Sistema_Compresor_Descompresor_Aplicado_a_Procesador_POC/Sistema_Descompresor/decompression_module.sv Line: 26
Info (10041): Inferred latch for "buffer[23]" at decompression_module.sv(26) File: C:/TEC/II Semestre 2025/Proyecto/Proyecto Aplicacion/Proyecto_de_Aplicaci-n_Sistema_Compresor_Descompresor_Aplicado_a_Procesador_POC/Sistema_Descompresor/decompression_module.sv Line: 26
Info (10041): Inferred latch for "buffer[24]" at decompression_module.sv(26) File: C:/TEC/II Semestre 2025/Proyecto/Proyecto Aplicacion/Proyecto_de_Aplicaci-n_Sistema_Compresor_Descompresor_Aplicado_a_Procesador_POC/Sistema_Descompresor/decompression_module.sv Line: 26
Info (10041): Inferred latch for "buffer[25]" at decompression_module.sv(26) File: C:/TEC/II Semestre 2025/Proyecto/Proyecto Aplicacion/Proyecto_de_Aplicaci-n_Sistema_Compresor_Descompresor_Aplicado_a_Procesador_POC/Sistema_Descompresor/decompression_module.sv Line: 26
Info (10041): Inferred latch for "buffer[26]" at decompression_module.sv(26) File: C:/TEC/II Semestre 2025/Proyecto/Proyecto Aplicacion/Proyecto_de_Aplicaci-n_Sistema_Compresor_Descompresor_Aplicado_a_Procesador_POC/Sistema_Descompresor/decompression_module.sv Line: 26
Info (10041): Inferred latch for "buffer[27]" at decompression_module.sv(26) File: C:/TEC/II Semestre 2025/Proyecto/Proyecto Aplicacion/Proyecto_de_Aplicaci-n_Sistema_Compresor_Descompresor_Aplicado_a_Procesador_POC/Sistema_Descompresor/decompression_module.sv Line: 26
Info (10041): Inferred latch for "buffer[28]" at decompression_module.sv(26) File: C:/TEC/II Semestre 2025/Proyecto/Proyecto Aplicacion/Proyecto_de_Aplicaci-n_Sistema_Compresor_Descompresor_Aplicado_a_Procesador_POC/Sistema_Descompresor/decompression_module.sv Line: 26
Info (10041): Inferred latch for "buffer[29]" at decompression_module.sv(26) File: C:/TEC/II Semestre 2025/Proyecto/Proyecto Aplicacion/Proyecto_de_Aplicaci-n_Sistema_Compresor_Descompresor_Aplicado_a_Procesador_POC/Sistema_Descompresor/decompression_module.sv Line: 26
Info (10041): Inferred latch for "buffer[30]" at decompression_module.sv(26) File: C:/TEC/II Semestre 2025/Proyecto/Proyecto Aplicacion/Proyecto_de_Aplicaci-n_Sistema_Compresor_Descompresor_Aplicado_a_Procesador_POC/Sistema_Descompresor/decompression_module.sv Line: 26
Info (10041): Inferred latch for "buffer[31]" at decompression_module.sv(26) File: C:/TEC/II Semestre 2025/Proyecto/Proyecto Aplicacion/Proyecto_de_Aplicaci-n_Sistema_Compresor_Descompresor_Aplicado_a_Procesador_POC/Sistema_Descompresor/decompression_module.sv Line: 26
Info (10041): Inferred latch for "counter_tmp.0001" at decompression_module.sv(26) File: C:/TEC/II Semestre 2025/Proyecto/Proyecto Aplicacion/Proyecto_de_Aplicaci-n_Sistema_Compresor_Descompresor_Aplicado_a_Procesador_POC/Sistema_Descompresor/decompression_module.sv Line: 26
Info (10041): Inferred latch for "counter_tmp.0000" at decompression_module.sv(26) File: C:/TEC/II Semestre 2025/Proyecto/Proyecto Aplicacion/Proyecto_de_Aplicaci-n_Sistema_Compresor_Descompresor_Aplicado_a_Procesador_POC/Sistema_Descompresor/decompression_module.sv Line: 26
Info: Quartus Prime Analysis & Elaboration was successful. 0 errors, 18 warnings
    Info: Peak virtual memory: 4778 megabytes
    Info: Processing ended: Thu Oct 16 22:00:33 2025
    Info: Elapsed time: 00:00:07
    Info: Total CPU time (on all processors): 00:00:15


