Analysis & Elaboration report for Processor_Baseline
Fri Oct 17 08:47:38 2025
Quartus Prime Version 22.1std.0 Build 915 10/25/2022 SC Lite Edition


---------------------
; Table of Contents ;
---------------------
  1. Legal Notice
  2. Analysis & Elaboration Summary
  3. Parallel Compilation
  4. Analysis & Elaboration Settings
  5. Analysis & Elaboration Messages
  6. Analysis & Elaboration Suppressed Messages



----------------
; Legal Notice ;
----------------
Copyright (C) 2022  Intel Corporation. All rights reserved.
Your use of Intel Corporation's design tools, logic functions 
and other software and tools, and any partner logic 
functions, and any output files from any of the foregoing 
(including device programming or simulation files), and any 
associated documentation or information are expressly subject 
to the terms and conditions of the Intel Program License 
Subscription Agreement, the Intel Quartus Prime License Agreement,
the Intel FPGA IP License Agreement, or other applicable license
agreement, including, without limitation, that your use is for
the sole purpose of programming logic devices manufactured by
Intel and sold by Intel or its authorized distributors.  Please
refer to the applicable agreement for further details, at
https://fpgasoftware.intel.com/eula.



+--------------------------------------------------------------------------------+
; Analysis & Elaboration Summary                                                 ;
+-------------------------------+------------------------------------------------+
; Analysis & Elaboration Status ; Failed - Fri Oct 17 08:47:38 2025              ;
; Quartus Prime Version         ; 22.1std.0 Build 915 10/25/2022 SC Lite Edition ;
; Revision Name                 ; Processor_Baseline                             ;
; Top-level Entity Name         ; pipeline_processor                             ;
; Family                        ; Cyclone V                                      ;
; Logic utilization (in ALMs)   ; N/A until Partition Merge                      ;
; Total registers               ; N/A until Partition Merge                      ;
; Total pins                    ; N/A until Partition Merge                      ;
; Total virtual pins            ; N/A until Partition Merge                      ;
; Total block memory bits       ; N/A until Partition Merge                      ;
; Total PLLs                    ; N/A until Partition Merge                      ;
; Total DLLs                    ; N/A until Partition Merge                      ;
+-------------------------------+------------------------------------------------+


+------------------------------------------+
; Parallel Compilation                     ;
+----------------------------+-------------+
; Processors                 ; Number      ;
+----------------------------+-------------+
; Number detected on machine ; 12          ;
; Maximum allowed            ; 12          ;
;                            ;             ;
; Average used               ; 1.00        ;
; Maximum used               ; 1           ;
;                            ;             ;
; Usage by Processor         ; % Time Used ;
;     Processor 1            ; 100.0%      ;
+----------------------------+-------------+


+---------------------------------------------------------------------------------------------------------------------------+
; Analysis & Elaboration Settings                                                                                           ;
+---------------------------------------------------------------------------------+--------------------+--------------------+
; Option                                                                          ; Setting            ; Default Value      ;
+---------------------------------------------------------------------------------+--------------------+--------------------+
; Device                                                                          ; 5CGXFC5C7F23C8     ;                    ;
; Top-level entity name                                                           ; pipeline_processor ; Processor_Baseline ;
; Family name                                                                     ; Cyclone V          ; Cyclone V          ;
; Use smart compilation                                                           ; Off                ; Off                ;
; Enable parallel Assembler and Timing Analyzer during compilation                ; On                 ; On                 ;
; Enable compact report table                                                     ; Off                ; Off                ;
; Restructure Multiplexers                                                        ; Auto               ; Auto               ;
; MLAB Add Timing Constraints For Mixed-Port Feed-Through Mode Setting Don't Care ; Off                ; Off                ;
; Create Debugging Nodes for IP Cores                                             ; Off                ; Off                ;
; Preserve fewer node names                                                       ; On                 ; On                 ;
; Intel FPGA IP Evaluation Mode                                                   ; Enable             ; Enable             ;
; Verilog Version                                                                 ; Verilog_2001       ; Verilog_2001       ;
; VHDL Version                                                                    ; VHDL_1993          ; VHDL_1993          ;
; State Machine Processing                                                        ; Auto               ; Auto               ;
; Safe State Machine                                                              ; Off                ; Off                ;
; Extract Verilog State Machines                                                  ; On                 ; On                 ;
; Extract VHDL State Machines                                                     ; On                 ; On                 ;
; Ignore Verilog initial constructs                                               ; Off                ; Off                ;
; Iteration limit for constant Verilog loops                                      ; 5000               ; 5000               ;
; Iteration limit for non-constant Verilog loops                                  ; 250                ; 250                ;
; Add Pass-Through Logic to Inferred RAMs                                         ; On                 ; On                 ;
; Infer RAMs from Raw Logic                                                       ; On                 ; On                 ;
; Parallel Synthesis                                                              ; On                 ; On                 ;
; DSP Block Balancing                                                             ; Auto               ; Auto               ;
; NOT Gate Push-Back                                                              ; On                 ; On                 ;
; Power-Up Don't Care                                                             ; On                 ; On                 ;
; Remove Redundant Logic Cells                                                    ; Off                ; Off                ;
; Remove Duplicate Registers                                                      ; On                 ; On                 ;
; Ignore CARRY Buffers                                                            ; Off                ; Off                ;
; Ignore CASCADE Buffers                                                          ; Off                ; Off                ;
; Ignore GLOBAL Buffers                                                           ; Off                ; Off                ;
; Ignore ROW GLOBAL Buffers                                                       ; Off                ; Off                ;
; Ignore LCELL Buffers                                                            ; Off                ; Off                ;
; Ignore SOFT Buffers                                                             ; On                 ; On                 ;
; Limit AHDL Integers to 32 Bits                                                  ; Off                ; Off                ;
; Optimization Technique                                                          ; Balanced           ; Balanced           ;
; Carry Chain Length                                                              ; 70                 ; 70                 ;
; Auto Carry Chains                                                               ; On                 ; On                 ;
; Auto Open-Drain Pins                                                            ; On                 ; On                 ;
; Perform WYSIWYG Primitive Resynthesis                                           ; Off                ; Off                ;
; Auto ROM Replacement                                                            ; On                 ; On                 ;
; Auto RAM Replacement                                                            ; On                 ; On                 ;
; Auto DSP Block Replacement                                                      ; On                 ; On                 ;
; Auto Shift Register Replacement                                                 ; Auto               ; Auto               ;
; Allow Shift Register Merging across Hierarchies                                 ; Auto               ; Auto               ;
; Auto Clock Enable Replacement                                                   ; On                 ; On                 ;
; Strict RAM Replacement                                                          ; Off                ; Off                ;
; Allow Synchronous Control Signals                                               ; On                 ; On                 ;
; Force Use of Synchronous Clear Signals                                          ; Off                ; Off                ;
; Auto Resource Sharing                                                           ; Off                ; Off                ;
; Allow Any RAM Size For Recognition                                              ; Off                ; Off                ;
; Allow Any ROM Size For Recognition                                              ; Off                ; Off                ;
; Allow Any Shift Register Size For Recognition                                   ; Off                ; Off                ;
; Use LogicLock Constraints during Resource Balancing                             ; On                 ; On                 ;
; Ignore translate_off and synthesis_off directives                               ; Off                ; Off                ;
; Timing-Driven Synthesis                                                         ; On                 ; On                 ;
; Report Parameter Settings                                                       ; On                 ; On                 ;
; Report Source Assignments                                                       ; On                 ; On                 ;
; Report Connectivity Checks                                                      ; On                 ; On                 ;
; Ignore Maximum Fan-Out Assignments                                              ; Off                ; Off                ;
; Synchronization Register Chain Length                                           ; 3                  ; 3                  ;
; Power Optimization During Synthesis                                             ; Normal compilation ; Normal compilation ;
; HDL message level                                                               ; Level2             ; Level2             ;
; Suppress Register Optimization Related Messages                                 ; Off                ; Off                ;
; Number of Removed Registers Reported in Synthesis Report                        ; 5000               ; 5000               ;
; Number of Swept Nodes Reported in Synthesis Report                              ; 5000               ; 5000               ;
; Number of Inverted Registers Reported in Synthesis Report                       ; 100                ; 100                ;
; Clock MUX Protection                                                            ; On                 ; On                 ;
; Auto Gated Clock Conversion                                                     ; Off                ; Off                ;
; Block Design Naming                                                             ; Auto               ; Auto               ;
; SDC constraint protection                                                       ; Off                ; Off                ;
; Synthesis Effort                                                                ; Auto               ; Auto               ;
; Shift Register Replacement - Allow Asynchronous Clear Signal                    ; On                 ; On                 ;
; Pre-Mapping Resynthesis Optimization                                            ; Off                ; Off                ;
; Analysis & Synthesis Message Level                                              ; Medium             ; Medium             ;
; Disable Register Merging Across Hierarchies                                     ; Auto               ; Auto               ;
; Resource Aware Inference For Block RAM                                          ; On                 ; On                 ;
; Automatic Parallel Synthesis                                                    ; On                 ; On                 ;
; Partial Reconfiguration Bitstream ID                                            ; Off                ; Off                ;
+---------------------------------------------------------------------------------+--------------------+--------------------+


+---------------------------------+
; Analysis & Elaboration Messages ;
+---------------------------------+
Info: *******************************************************************
Info: Running Quartus Prime Analysis & Elaboration
    Info: Version 22.1std.0 Build 915 10/25/2022 SC Lite Edition
    Info: Processing started: Fri Oct 17 08:47:32 2025
Info: Command: quartus_map --read_settings_files=on --write_settings_files=off Processor_Baseline -c Processor_Baseline --analysis_and_elaboration
Warning (18236): Number of processors has not been specified which may cause overloading on shared machines.  Set the global assignment NUM_PARALLEL_PROCESSORS in your QSF to an appropriate value for best performance.
Info (20030): Parallel compilation is enabled and will use 12 of the 12 processors detected
Info (12021): Found 1 design units, including 1 entities, in source file alu.sv
    Info (12023): Found entity 1: alu File: C:/TEC/II Semestre 2025/Proyecto/Proyecto Aplicacion/Proyecto_de_Aplicaci-n_Sistema_Compresor_Descompresor_Aplicado_a_Procesador_POC/ARM32/alu.sv Line: 1
Info (12021): Found 1 design units, including 1 entities, in source file adder.sv
    Info (12023): Found entity 1: adder File: C:/TEC/II Semestre 2025/Proyecto/Proyecto Aplicacion/Proyecto_de_Aplicaci-n_Sistema_Compresor_Descompresor_Aplicado_a_Procesador_POC/ARM32/adder.sv Line: 1
Info (12021): Found 1 design units, including 1 entities, in source file control_unit.sv
    Info (12023): Found entity 1: control_unit File: C:/TEC/II Semestre 2025/Proyecto/Proyecto Aplicacion/Proyecto_de_Aplicaci-n_Sistema_Compresor_Descompresor_Aplicado_a_Procesador_POC/ARM32/control_unit.sv Line: 1
Info (12021): Found 1 design units, including 1 entities, in source file imem.sv
    Info (12023): Found entity 1: imem File: C:/TEC/II Semestre 2025/Proyecto/Proyecto Aplicacion/Proyecto_de_Aplicaci-n_Sistema_Compresor_Descompresor_Aplicado_a_Procesador_POC/ARM32/imem.sv Line: 1
Info (12021): Found 1 design units, including 1 entities, in source file jump_unit.sv
    Info (12023): Found entity 1: jump_unit File: C:/TEC/II Semestre 2025/Proyecto/Proyecto Aplicacion/Proyecto_de_Aplicaci-n_Sistema_Compresor_Descompresor_Aplicado_a_Procesador_POC/ARM32/jump_unit.sv Line: 1
Info (12021): Found 1 design units, including 1 entities, in source file memory_access.sv
    Info (12023): Found entity 1: memory_access File: C:/TEC/II Semestre 2025/Proyecto/Proyecto Aplicacion/Proyecto_de_Aplicaci-n_Sistema_Compresor_Descompresor_Aplicado_a_Procesador_POC/ARM32/memory_access.sv Line: 1
Info (12021): Found 1 design units, including 1 entities, in source file memory_controller.sv
    Info (12023): Found entity 1: memory_controller File: C:/TEC/II Semestre 2025/Proyecto/Proyecto Aplicacion/Proyecto_de_Aplicaci-n_Sistema_Compresor_Descompresor_Aplicado_a_Procesador_POC/ARM32/memory_controller.sv Line: 1
Info (12021): Found 1 design units, including 1 entities, in source file mux_2to1.sv
    Info (12023): Found entity 1: mux_2to1 File: C:/TEC/II Semestre 2025/Proyecto/Proyecto Aplicacion/Proyecto_de_Aplicaci-n_Sistema_Compresor_Descompresor_Aplicado_a_Procesador_POC/ARM32/mux_2to1.sv Line: 1
Info (12021): Found 1 design units, including 1 entities, in source file mux_4to1.sv
    Info (12023): Found entity 1: mux_4to1 File: C:/TEC/II Semestre 2025/Proyecto/Proyecto Aplicacion/Proyecto_de_Aplicaci-n_Sistema_Compresor_Descompresor_Aplicado_a_Procesador_POC/ARM32/mux_4to1.sv Line: 1
Info (12021): Found 1 design units, including 1 entities, in source file pc_register.sv
    Info (12023): Found entity 1: pc_register File: C:/TEC/II Semestre 2025/Proyecto/Proyecto Aplicacion/Proyecto_de_Aplicaci-n_Sistema_Compresor_Descompresor_Aplicado_a_Procesador_POC/ARM32/pc_register.sv Line: 1
Info (12021): Found 1 design units, including 1 entities, in source file pipeline_processor.sv
    Info (12023): Found entity 1: pipeline_processor File: C:/TEC/II Semestre 2025/Proyecto/Proyecto Aplicacion/Proyecto_de_Aplicaci-n_Sistema_Compresor_Descompresor_Aplicado_a_Procesador_POC/ARM32/pipeline_processor.sv Line: 1
Info (12021): Found 1 design units, including 1 entities, in source file register_file.sv
    Info (12023): Found entity 1: register_file File: C:/TEC/II Semestre 2025/Proyecto/Proyecto Aplicacion/Proyecto_de_Aplicaci-n_Sistema_Compresor_Descompresor_Aplicado_a_Procesador_POC/ARM32/register_file.sv Line: 1
Info (12021): Found 1 design units, including 1 entities, in source file segment_ex_mem.sv
    Info (12023): Found entity 1: segment_ex_mem File: C:/TEC/II Semestre 2025/Proyecto/Proyecto Aplicacion/Proyecto_de_Aplicaci-n_Sistema_Compresor_Descompresor_Aplicado_a_Procesador_POC/ARM32/segment_ex_mem.sv Line: 1
Info (12021): Found 1 design units, including 1 entities, in source file segment_id_ex.sv
    Info (12023): Found entity 1: segment_id_ex File: C:/TEC/II Semestre 2025/Proyecto/Proyecto Aplicacion/Proyecto_de_Aplicaci-n_Sistema_Compresor_Descompresor_Aplicado_a_Procesador_POC/ARM32/segment_id_ex.sv Line: 1
Info (12021): Found 1 design units, including 1 entities, in source file segment_if_id.sv
    Info (12023): Found entity 1: segment_if_id File: C:/TEC/II Semestre 2025/Proyecto/Proyecto Aplicacion/Proyecto_de_Aplicaci-n_Sistema_Compresor_Descompresor_Aplicado_a_Procesador_POC/ARM32/segment_if_id.sv Line: 1
Info (12021): Found 1 design units, including 1 entities, in source file segment_mem_wb.sv
    Info (12023): Found entity 1: segment_mem_wb File: C:/TEC/II Semestre 2025/Proyecto/Proyecto Aplicacion/Proyecto_de_Aplicaci-n_Sistema_Compresor_Descompresor_Aplicado_a_Procesador_POC/ARM32/segment_mem_wb.sv Line: 1
Info (12021): Found 1 design units, including 1 entities, in source file sign_extend.sv
    Info (12023): Found entity 1: sign_extend File: C:/TEC/II Semestre 2025/Proyecto/Proyecto Aplicacion/Proyecto_de_Aplicaci-n_Sistema_Compresor_Descompresor_Aplicado_a_Procesador_POC/ARM32/sign_extend.sv Line: 1
Info (12127): Elaborating entity "pipeline_processor" for the top level hierarchy
Info (12128): Elaborating entity "pc_register" for hierarchy "pc_register:pc" File: C:/TEC/II Semestre 2025/Proyecto/Proyecto Aplicacion/Proyecto_de_Aplicaci-n_Sistema_Compresor_Descompresor_Aplicado_a_Procesador_POC/ARM32/pipeline_processor.sv Line: 39
Warning (10036): Verilog HDL or VHDL warning at pc_register.sv(10): object "pc_temp" assigned a value but never read File: C:/TEC/II Semestre 2025/Proyecto/Proyecto Aplicacion/Proyecto_de_Aplicaci-n_Sistema_Compresor_Descompresor_Aplicado_a_Procesador_POC/ARM32/pc_register.sv Line: 10
Info (12128): Elaborating entity "adder" for hierarchy "adder:add_pc" File: C:/TEC/II Semestre 2025/Proyecto/Proyecto Aplicacion/Proyecto_de_Aplicaci-n_Sistema_Compresor_Descompresor_Aplicado_a_Procesador_POC/ARM32/pipeline_processor.sv Line: 41
Info (12128): Elaborating entity "mux_2to1" for hierarchy "mux_2to1:mux_pc" File: C:/TEC/II Semestre 2025/Proyecto/Proyecto Aplicacion/Proyecto_de_Aplicaci-n_Sistema_Compresor_Descompresor_Aplicado_a_Procesador_POC/ARM32/pipeline_processor.sv Line: 43
Info (12128): Elaborating entity "segment_if_id" for hierarchy "segment_if_id:if_id" File: C:/TEC/II Semestre 2025/Proyecto/Proyecto Aplicacion/Proyecto_de_Aplicaci-n_Sistema_Compresor_Descompresor_Aplicado_a_Procesador_POC/ARM32/pipeline_processor.sv Line: 49
Info (12128): Elaborating entity "control_unit" for hierarchy "control_unit:control" File: C:/TEC/II Semestre 2025/Proyecto/Proyecto Aplicacion/Proyecto_de_Aplicaci-n_Sistema_Compresor_Descompresor_Aplicado_a_Procesador_POC/ARM32/pipeline_processor.sv Line: 55
Info (10041): Inferred latch for "RegWrite" at control_unit.sv(166) File: C:/TEC/II Semestre 2025/Proyecto/Proyecto Aplicacion/Proyecto_de_Aplicaci-n_Sistema_Compresor_Descompresor_Aplicado_a_Procesador_POC/ARM32/control_unit.sv Line: 166
Info (10041): Inferred latch for "MemWrite" at control_unit.sv(166) File: C:/TEC/II Semestre 2025/Proyecto/Proyecto Aplicacion/Proyecto_de_Aplicaci-n_Sistema_Compresor_Descompresor_Aplicado_a_Procesador_POC/ARM32/control_unit.sv Line: 166
Info (10041): Inferred latch for "MemRead" at control_unit.sv(166) File: C:/TEC/II Semestre 2025/Proyecto/Proyecto Aplicacion/Proyecto_de_Aplicaci-n_Sistema_Compresor_Descompresor_Aplicado_a_Procesador_POC/ARM32/control_unit.sv Line: 166
Info (10041): Inferred latch for "MemToReg" at control_unit.sv(166) File: C:/TEC/II Semestre 2025/Proyecto/Proyecto Aplicacion/Proyecto_de_Aplicaci-n_Sistema_Compresor_Descompresor_Aplicado_a_Procesador_POC/ARM32/control_unit.sv Line: 166
Info (10041): Inferred latch for "RegSrc1[0]" at control_unit.sv(166) File: C:/TEC/II Semestre 2025/Proyecto/Proyecto Aplicacion/Proyecto_de_Aplicaci-n_Sistema_Compresor_Descompresor_Aplicado_a_Procesador_POC/ARM32/control_unit.sv Line: 166
Info (10041): Inferred latch for "RegSrc1[1]" at control_unit.sv(166) File: C:/TEC/II Semestre 2025/Proyecto/Proyecto Aplicacion/Proyecto_de_Aplicaci-n_Sistema_Compresor_Descompresor_Aplicado_a_Procesador_POC/ARM32/control_unit.sv Line: 166
Info (10041): Inferred latch for "RegDtn[0]" at control_unit.sv(166) File: C:/TEC/II Semestre 2025/Proyecto/Proyecto Aplicacion/Proyecto_de_Aplicaci-n_Sistema_Compresor_Descompresor_Aplicado_a_Procesador_POC/ARM32/control_unit.sv Line: 166
Info (10041): Inferred latch for "RegDtn[1]" at control_unit.sv(166) File: C:/TEC/II Semestre 2025/Proyecto/Proyecto Aplicacion/Proyecto_de_Aplicaci-n_Sistema_Compresor_Descompresor_Aplicado_a_Procesador_POC/ARM32/control_unit.sv Line: 166
Info (10041): Inferred latch for "ImmSrc[0]" at control_unit.sv(166) File: C:/TEC/II Semestre 2025/Proyecto/Proyecto Aplicacion/Proyecto_de_Aplicaci-n_Sistema_Compresor_Descompresor_Aplicado_a_Procesador_POC/ARM32/control_unit.sv Line: 166
Info (10041): Inferred latch for "ImmSrc[1]" at control_unit.sv(166) File: C:/TEC/II Semestre 2025/Proyecto/Proyecto Aplicacion/Proyecto_de_Aplicaci-n_Sistema_Compresor_Descompresor_Aplicado_a_Procesador_POC/ARM32/control_unit.sv Line: 166
Info (10041): Inferred latch for "ALUOp[0]" at control_unit.sv(166) File: C:/TEC/II Semestre 2025/Proyecto/Proyecto Aplicacion/Proyecto_de_Aplicaci-n_Sistema_Compresor_Descompresor_Aplicado_a_Procesador_POC/ARM32/control_unit.sv Line: 166
Info (10041): Inferred latch for "ALUOp[1]" at control_unit.sv(166) File: C:/TEC/II Semestre 2025/Proyecto/Proyecto Aplicacion/Proyecto_de_Aplicaci-n_Sistema_Compresor_Descompresor_Aplicado_a_Procesador_POC/ARM32/control_unit.sv Line: 166
Info (10041): Inferred latch for "ALUOp[2]" at control_unit.sv(166) File: C:/TEC/II Semestre 2025/Proyecto/Proyecto Aplicacion/Proyecto_de_Aplicaci-n_Sistema_Compresor_Descompresor_Aplicado_a_Procesador_POC/ARM32/control_unit.sv Line: 166
Info (10041): Inferred latch for "ALUSrc" at control_unit.sv(166) File: C:/TEC/II Semestre 2025/Proyecto/Proyecto Aplicacion/Proyecto_de_Aplicaci-n_Sistema_Compresor_Descompresor_Aplicado_a_Procesador_POC/ARM32/control_unit.sv Line: 166
Info (10041): Inferred latch for "JumpCD" at control_unit.sv(166) File: C:/TEC/II Semestre 2025/Proyecto/Proyecto Aplicacion/Proyecto_de_Aplicaci-n_Sistema_Compresor_Descompresor_Aplicado_a_Procesador_POC/ARM32/control_unit.sv Line: 166
Info (10041): Inferred latch for "JumpCI" at control_unit.sv(166) File: C:/TEC/II Semestre 2025/Proyecto/Proyecto Aplicacion/Proyecto_de_Aplicaci-n_Sistema_Compresor_Descompresor_Aplicado_a_Procesador_POC/ARM32/control_unit.sv Line: 166
Info (10041): Inferred latch for "JumpI" at control_unit.sv(166) File: C:/TEC/II Semestre 2025/Proyecto/Proyecto Aplicacion/Proyecto_de_Aplicaci-n_Sistema_Compresor_Descompresor_Aplicado_a_Procesador_POC/ARM32/control_unit.sv Line: 166
Info (10041): Inferred latch for "RegSrc2" at control_unit.sv(128) File: C:/TEC/II Semestre 2025/Proyecto/Proyecto Aplicacion/Proyecto_de_Aplicaci-n_Sistema_Compresor_Descompresor_Aplicado_a_Procesador_POC/ARM32/control_unit.sv Line: 128
Info (12128): Elaborating entity "mux_4to1" for hierarchy "mux_4to1:mux_RR1" File: C:/TEC/II Semestre 2025/Proyecto/Proyecto Aplicacion/Proyecto_de_Aplicaci-n_Sistema_Compresor_Descompresor_Aplicado_a_Procesador_POC/ARM32/pipeline_processor.sv Line: 58
Info (12128): Elaborating entity "mux_2to1" for hierarchy "mux_2to1:mux_RR2" File: C:/TEC/II Semestre 2025/Proyecto/Proyecto Aplicacion/Proyecto_de_Aplicaci-n_Sistema_Compresor_Descompresor_Aplicado_a_Procesador_POC/ARM32/pipeline_processor.sv Line: 60
Info (12128): Elaborating entity "sign_extend" for hierarchy "sign_extend:sign_extend" File: C:/TEC/II Semestre 2025/Proyecto/Proyecto Aplicacion/Proyecto_de_Aplicaci-n_Sistema_Compresor_Descompresor_Aplicado_a_Procesador_POC/ARM32/pipeline_processor.sv Line: 64
Info (12128): Elaborating entity "register_file" for hierarchy "register_file:register_file" File: C:/TEC/II Semestre 2025/Proyecto/Proyecto Aplicacion/Proyecto_de_Aplicaci-n_Sistema_Compresor_Descompresor_Aplicado_a_Procesador_POC/ARM32/pipeline_processor.sv Line: 66
Info (12128): Elaborating entity "segment_id_ex" for hierarchy "segment_id_ex:id_ex" File: C:/TEC/II Semestre 2025/Proyecto/Proyecto Aplicacion/Proyecto_de_Aplicaci-n_Sistema_Compresor_Descompresor_Aplicado_a_Procesador_POC/ARM32/pipeline_processor.sv Line: 74
Info (12128): Elaborating entity "alu" for hierarchy "alu:alu" File: C:/TEC/II Semestre 2025/Proyecto/Proyecto Aplicacion/Proyecto_de_Aplicaci-n_Sistema_Compresor_Descompresor_Aplicado_a_Procesador_POC/ARM32/pipeline_processor.sv Line: 82
Info (12128): Elaborating entity "jump_unit" for hierarchy "jump_unit:jump_unit" File: C:/TEC/II Semestre 2025/Proyecto/Proyecto Aplicacion/Proyecto_de_Aplicaci-n_Sistema_Compresor_Descompresor_Aplicado_a_Procesador_POC/ARM32/pipeline_processor.sv Line: 84
Info (12128): Elaborating entity "segment_ex_mem" for hierarchy "segment_ex_mem:ex_mem" File: C:/TEC/II Semestre 2025/Proyecto/Proyecto Aplicacion/Proyecto_de_Aplicaci-n_Sistema_Compresor_Descompresor_Aplicado_a_Procesador_POC/ARM32/pipeline_processor.sv Line: 91
Info (12128): Elaborating entity "memory_access" for hierarchy "memory_access:memory" File: C:/TEC/II Semestre 2025/Proyecto/Proyecto Aplicacion/Proyecto_de_Aplicaci-n_Sistema_Compresor_Descompresor_Aplicado_a_Procesador_POC/ARM32/pipeline_processor.sv Line: 96
Info (12128): Elaborating entity "memory_controller" for hierarchy "memory_access:memory|memory_controller:memoryControllerUnit" File: C:/TEC/II Semestre 2025/Proyecto/Proyecto Aplicacion/Proyecto_de_Aplicaci-n_Sistema_Compresor_Descompresor_Aplicado_a_Procesador_POC/ARM32/memory_access.sv Line: 9
Info (10041): Inferred latch for "mapAddressRAM[0]" at memory_controller.sv(33) File: C:/TEC/II Semestre 2025/Proyecto/Proyecto Aplicacion/Proyecto_de_Aplicaci-n_Sistema_Compresor_Descompresor_Aplicado_a_Procesador_POC/ARM32/memory_controller.sv Line: 33
Info (10041): Inferred latch for "mapAddressRAM[1]" at memory_controller.sv(33) File: C:/TEC/II Semestre 2025/Proyecto/Proyecto Aplicacion/Proyecto_de_Aplicaci-n_Sistema_Compresor_Descompresor_Aplicado_a_Procesador_POC/ARM32/memory_controller.sv Line: 33
Info (10041): Inferred latch for "mapAddressRAM[2]" at memory_controller.sv(33) File: C:/TEC/II Semestre 2025/Proyecto/Proyecto Aplicacion/Proyecto_de_Aplicaci-n_Sistema_Compresor_Descompresor_Aplicado_a_Procesador_POC/ARM32/memory_controller.sv Line: 33
Info (10041): Inferred latch for "mapAddressRAM[3]" at memory_controller.sv(33) File: C:/TEC/II Semestre 2025/Proyecto/Proyecto Aplicacion/Proyecto_de_Aplicaci-n_Sistema_Compresor_Descompresor_Aplicado_a_Procesador_POC/ARM32/memory_controller.sv Line: 33
Info (10041): Inferred latch for "mapAddressRAM[4]" at memory_controller.sv(33) File: C:/TEC/II Semestre 2025/Proyecto/Proyecto Aplicacion/Proyecto_de_Aplicaci-n_Sistema_Compresor_Descompresor_Aplicado_a_Procesador_POC/ARM32/memory_controller.sv Line: 33
Info (10041): Inferred latch for "mapAddressRAM[5]" at memory_controller.sv(33) File: C:/TEC/II Semestre 2025/Proyecto/Proyecto Aplicacion/Proyecto_de_Aplicaci-n_Sistema_Compresor_Descompresor_Aplicado_a_Procesador_POC/ARM32/memory_controller.sv Line: 33
Info (10041): Inferred latch for "mapAddressRAM[6]" at memory_controller.sv(33) File: C:/TEC/II Semestre 2025/Proyecto/Proyecto Aplicacion/Proyecto_de_Aplicaci-n_Sistema_Compresor_Descompresor_Aplicado_a_Procesador_POC/ARM32/memory_controller.sv Line: 33
Info (10041): Inferred latch for "mapAddressRAM[7]" at memory_controller.sv(33) File: C:/TEC/II Semestre 2025/Proyecto/Proyecto Aplicacion/Proyecto_de_Aplicaci-n_Sistema_Compresor_Descompresor_Aplicado_a_Procesador_POC/ARM32/memory_controller.sv Line: 33
Info (10041): Inferred latch for "mapAddressRAM[8]" at memory_controller.sv(33) File: C:/TEC/II Semestre 2025/Proyecto/Proyecto Aplicacion/Proyecto_de_Aplicaci-n_Sistema_Compresor_Descompresor_Aplicado_a_Procesador_POC/ARM32/memory_controller.sv Line: 33
Info (10041): Inferred latch for "mapAddressRAM[9]" at memory_controller.sv(33) File: C:/TEC/II Semestre 2025/Proyecto/Proyecto Aplicacion/Proyecto_de_Aplicaci-n_Sistema_Compresor_Descompresor_Aplicado_a_Procesador_POC/ARM32/memory_controller.sv Line: 33
Info (10041): Inferred latch for "mapAddressRAM[10]" at memory_controller.sv(33) File: C:/TEC/II Semestre 2025/Proyecto/Proyecto Aplicacion/Proyecto_de_Aplicaci-n_Sistema_Compresor_Descompresor_Aplicado_a_Procesador_POC/ARM32/memory_controller.sv Line: 33
Info (10041): Inferred latch for "mapAddressRAM[11]" at memory_controller.sv(33) File: C:/TEC/II Semestre 2025/Proyecto/Proyecto Aplicacion/Proyecto_de_Aplicaci-n_Sistema_Compresor_Descompresor_Aplicado_a_Procesador_POC/ARM32/memory_controller.sv Line: 33
Info (10041): Inferred latch for "mapAddressRAM[12]" at memory_controller.sv(33) File: C:/TEC/II Semestre 2025/Proyecto/Proyecto Aplicacion/Proyecto_de_Aplicaci-n_Sistema_Compresor_Descompresor_Aplicado_a_Procesador_POC/ARM32/memory_controller.sv Line: 33
Info (10041): Inferred latch for "mapAddressRAM[13]" at memory_controller.sv(33) File: C:/TEC/II Semestre 2025/Proyecto/Proyecto Aplicacion/Proyecto_de_Aplicaci-n_Sistema_Compresor_Descompresor_Aplicado_a_Procesador_POC/ARM32/memory_controller.sv Line: 33
Info (10041): Inferred latch for "mapAddressRAM[14]" at memory_controller.sv(33) File: C:/TEC/II Semestre 2025/Proyecto/Proyecto Aplicacion/Proyecto_de_Aplicaci-n_Sistema_Compresor_Descompresor_Aplicado_a_Procesador_POC/ARM32/memory_controller.sv Line: 33
Info (10041): Inferred latch for "mapAddressRAM[15]" at memory_controller.sv(33) File: C:/TEC/II Semestre 2025/Proyecto/Proyecto Aplicacion/Proyecto_de_Aplicaci-n_Sistema_Compresor_Descompresor_Aplicado_a_Procesador_POC/ARM32/memory_controller.sv Line: 33
Info (10041): Inferred latch for "mapAddressRAM[16]" at memory_controller.sv(33) File: C:/TEC/II Semestre 2025/Proyecto/Proyecto Aplicacion/Proyecto_de_Aplicaci-n_Sistema_Compresor_Descompresor_Aplicado_a_Procesador_POC/ARM32/memory_controller.sv Line: 33
Info (10041): Inferred latch for "mapAddressRAM[17]" at memory_controller.sv(33) File: C:/TEC/II Semestre 2025/Proyecto/Proyecto Aplicacion/Proyecto_de_Aplicaci-n_Sistema_Compresor_Descompresor_Aplicado_a_Procesador_POC/ARM32/memory_controller.sv Line: 33
Info (10041): Inferred latch for "mapAddressRAM[18]" at memory_controller.sv(33) File: C:/TEC/II Semestre 2025/Proyecto/Proyecto Aplicacion/Proyecto_de_Aplicaci-n_Sistema_Compresor_Descompresor_Aplicado_a_Procesador_POC/ARM32/memory_controller.sv Line: 33
Info (10041): Inferred latch for "mapAddressRAM[19]" at memory_controller.sv(33) File: C:/TEC/II Semestre 2025/Proyecto/Proyecto Aplicacion/Proyecto_de_Aplicaci-n_Sistema_Compresor_Descompresor_Aplicado_a_Procesador_POC/ARM32/memory_controller.sv Line: 33
Info (10041): Inferred latch for "mapAddressRAM[20]" at memory_controller.sv(33) File: C:/TEC/II Semestre 2025/Proyecto/Proyecto Aplicacion/Proyecto_de_Aplicaci-n_Sistema_Compresor_Descompresor_Aplicado_a_Procesador_POC/ARM32/memory_controller.sv Line: 33
Info (10041): Inferred latch for "mapAddressRAM[21]" at memory_controller.sv(33) File: C:/TEC/II Semestre 2025/Proyecto/Proyecto Aplicacion/Proyecto_de_Aplicaci-n_Sistema_Compresor_Descompresor_Aplicado_a_Procesador_POC/ARM32/memory_controller.sv Line: 33
Info (10041): Inferred latch for "mapAddressRAM[22]" at memory_controller.sv(33) File: C:/TEC/II Semestre 2025/Proyecto/Proyecto Aplicacion/Proyecto_de_Aplicaci-n_Sistema_Compresor_Descompresor_Aplicado_a_Procesador_POC/ARM32/memory_controller.sv Line: 33
Info (10041): Inferred latch for "mapAddressRAM[23]" at memory_controller.sv(33) File: C:/TEC/II Semestre 2025/Proyecto/Proyecto Aplicacion/Proyecto_de_Aplicaci-n_Sistema_Compresor_Descompresor_Aplicado_a_Procesador_POC/ARM32/memory_controller.sv Line: 33
Info (10041): Inferred latch for "mapAddressRAM[24]" at memory_controller.sv(33) File: C:/TEC/II Semestre 2025/Proyecto/Proyecto Aplicacion/Proyecto_de_Aplicaci-n_Sistema_Compresor_Descompresor_Aplicado_a_Procesador_POC/ARM32/memory_controller.sv Line: 33
Info (10041): Inferred latch for "mapAddressRAM[25]" at memory_controller.sv(33) File: C:/TEC/II Semestre 2025/Proyecto/Proyecto Aplicacion/Proyecto_de_Aplicaci-n_Sistema_Compresor_Descompresor_Aplicado_a_Procesador_POC/ARM32/memory_controller.sv Line: 33
Info (10041): Inferred latch for "mapAddressRAM[26]" at memory_controller.sv(33) File: C:/TEC/II Semestre 2025/Proyecto/Proyecto Aplicacion/Proyecto_de_Aplicaci-n_Sistema_Compresor_Descompresor_Aplicado_a_Procesador_POC/ARM32/memory_controller.sv Line: 33
Info (10041): Inferred latch for "mapAddressRAM[27]" at memory_controller.sv(33) File: C:/TEC/II Semestre 2025/Proyecto/Proyecto Aplicacion/Proyecto_de_Aplicaci-n_Sistema_Compresor_Descompresor_Aplicado_a_Procesador_POC/ARM32/memory_controller.sv Line: 33
Info (10041): Inferred latch for "mapAddressRAM[28]" at memory_controller.sv(33) File: C:/TEC/II Semestre 2025/Proyecto/Proyecto Aplicacion/Proyecto_de_Aplicaci-n_Sistema_Compresor_Descompresor_Aplicado_a_Procesador_POC/ARM32/memory_controller.sv Line: 33
Info (10041): Inferred latch for "mapAddressRAM[29]" at memory_controller.sv(33) File: C:/TEC/II Semestre 2025/Proyecto/Proyecto Aplicacion/Proyecto_de_Aplicaci-n_Sistema_Compresor_Descompresor_Aplicado_a_Procesador_POC/ARM32/memory_controller.sv Line: 33
Info (10041): Inferred latch for "mapAddressRAM[30]" at memory_controller.sv(33) File: C:/TEC/II Semestre 2025/Proyecto/Proyecto Aplicacion/Proyecto_de_Aplicaci-n_Sistema_Compresor_Descompresor_Aplicado_a_Procesador_POC/ARM32/memory_controller.sv Line: 33
Info (10041): Inferred latch for "mapAddressRAM[31]" at memory_controller.sv(33) File: C:/TEC/II Semestre 2025/Proyecto/Proyecto Aplicacion/Proyecto_de_Aplicaci-n_Sistema_Compresor_Descompresor_Aplicado_a_Procesador_POC/ARM32/memory_controller.sv Line: 33
Info (10041): Inferred latch for "mapAddressSENO[0]" at memory_controller.sv(33) File: C:/TEC/II Semestre 2025/Proyecto/Proyecto Aplicacion/Proyecto_de_Aplicaci-n_Sistema_Compresor_Descompresor_Aplicado_a_Procesador_POC/ARM32/memory_controller.sv Line: 33
Info (10041): Inferred latch for "mapAddressSENO[1]" at memory_controller.sv(33) File: C:/TEC/II Semestre 2025/Proyecto/Proyecto Aplicacion/Proyecto_de_Aplicaci-n_Sistema_Compresor_Descompresor_Aplicado_a_Procesador_POC/ARM32/memory_controller.sv Line: 33
Info (10041): Inferred latch for "mapAddressSENO[2]" at memory_controller.sv(33) File: C:/TEC/II Semestre 2025/Proyecto/Proyecto Aplicacion/Proyecto_de_Aplicaci-n_Sistema_Compresor_Descompresor_Aplicado_a_Procesador_POC/ARM32/memory_controller.sv Line: 33
Info (10041): Inferred latch for "mapAddressSENO[3]" at memory_controller.sv(33) File: C:/TEC/II Semestre 2025/Proyecto/Proyecto Aplicacion/Proyecto_de_Aplicaci-n_Sistema_Compresor_Descompresor_Aplicado_a_Procesador_POC/ARM32/memory_controller.sv Line: 33
Info (10041): Inferred latch for "mapAddressSENO[4]" at memory_controller.sv(33) File: C:/TEC/II Semestre 2025/Proyecto/Proyecto Aplicacion/Proyecto_de_Aplicaci-n_Sistema_Compresor_Descompresor_Aplicado_a_Procesador_POC/ARM32/memory_controller.sv Line: 33
Info (10041): Inferred latch for "mapAddressSENO[5]" at memory_controller.sv(33) File: C:/TEC/II Semestre 2025/Proyecto/Proyecto Aplicacion/Proyecto_de_Aplicaci-n_Sistema_Compresor_Descompresor_Aplicado_a_Procesador_POC/ARM32/memory_controller.sv Line: 33
Info (10041): Inferred latch for "mapAddressSENO[6]" at memory_controller.sv(33) File: C:/TEC/II Semestre 2025/Proyecto/Proyecto Aplicacion/Proyecto_de_Aplicaci-n_Sistema_Compresor_Descompresor_Aplicado_a_Procesador_POC/ARM32/memory_controller.sv Line: 33
Info (10041): Inferred latch for "mapAddressSENO[7]" at memory_controller.sv(33) File: C:/TEC/II Semestre 2025/Proyecto/Proyecto Aplicacion/Proyecto_de_Aplicaci-n_Sistema_Compresor_Descompresor_Aplicado_a_Procesador_POC/ARM32/memory_controller.sv Line: 33
Info (10041): Inferred latch for "mapAddressSENO[8]" at memory_controller.sv(33) File: C:/TEC/II Semestre 2025/Proyecto/Proyecto Aplicacion/Proyecto_de_Aplicaci-n_Sistema_Compresor_Descompresor_Aplicado_a_Procesador_POC/ARM32/memory_controller.sv Line: 33
Info (10041): Inferred latch for "mapAddressSENO[9]" at memory_controller.sv(33) File: C:/TEC/II Semestre 2025/Proyecto/Proyecto Aplicacion/Proyecto_de_Aplicaci-n_Sistema_Compresor_Descompresor_Aplicado_a_Procesador_POC/ARM32/memory_controller.sv Line: 33
Info (10041): Inferred latch for "mapAddressSENO[10]" at memory_controller.sv(33) File: C:/TEC/II Semestre 2025/Proyecto/Proyecto Aplicacion/Proyecto_de_Aplicaci-n_Sistema_Compresor_Descompresor_Aplicado_a_Procesador_POC/ARM32/memory_controller.sv Line: 33
Info (10041): Inferred latch for "mapAddressSENO[11]" at memory_controller.sv(33) File: C:/TEC/II Semestre 2025/Proyecto/Proyecto Aplicacion/Proyecto_de_Aplicaci-n_Sistema_Compresor_Descompresor_Aplicado_a_Procesador_POC/ARM32/memory_controller.sv Line: 33
Info (10041): Inferred latch for "mapAddressSENO[12]" at memory_controller.sv(33) File: C:/TEC/II Semestre 2025/Proyecto/Proyecto Aplicacion/Proyecto_de_Aplicaci-n_Sistema_Compresor_Descompresor_Aplicado_a_Procesador_POC/ARM32/memory_controller.sv Line: 33
Info (10041): Inferred latch for "mapAddressSENO[13]" at memory_controller.sv(33) File: C:/TEC/II Semestre 2025/Proyecto/Proyecto Aplicacion/Proyecto_de_Aplicaci-n_Sistema_Compresor_Descompresor_Aplicado_a_Procesador_POC/ARM32/memory_controller.sv Line: 33
Info (10041): Inferred latch for "mapAddressSENO[14]" at memory_controller.sv(33) File: C:/TEC/II Semestre 2025/Proyecto/Proyecto Aplicacion/Proyecto_de_Aplicaci-n_Sistema_Compresor_Descompresor_Aplicado_a_Procesador_POC/ARM32/memory_controller.sv Line: 33
Info (10041): Inferred latch for "mapAddressSENO[15]" at memory_controller.sv(33) File: C:/TEC/II Semestre 2025/Proyecto/Proyecto Aplicacion/Proyecto_de_Aplicaci-n_Sistema_Compresor_Descompresor_Aplicado_a_Procesador_POC/ARM32/memory_controller.sv Line: 33
Info (10041): Inferred latch for "mapAddressSENO[16]" at memory_controller.sv(33) File: C:/TEC/II Semestre 2025/Proyecto/Proyecto Aplicacion/Proyecto_de_Aplicaci-n_Sistema_Compresor_Descompresor_Aplicado_a_Procesador_POC/ARM32/memory_controller.sv Line: 33
Info (10041): Inferred latch for "mapAddressSENO[17]" at memory_controller.sv(33) File: C:/TEC/II Semestre 2025/Proyecto/Proyecto Aplicacion/Proyecto_de_Aplicaci-n_Sistema_Compresor_Descompresor_Aplicado_a_Procesador_POC/ARM32/memory_controller.sv Line: 33
Info (10041): Inferred latch for "mapAddressSENO[18]" at memory_controller.sv(33) File: C:/TEC/II Semestre 2025/Proyecto/Proyecto Aplicacion/Proyecto_de_Aplicaci-n_Sistema_Compresor_Descompresor_Aplicado_a_Procesador_POC/ARM32/memory_controller.sv Line: 33
Info (10041): Inferred latch for "mapAddressSENO[19]" at memory_controller.sv(33) File: C:/TEC/II Semestre 2025/Proyecto/Proyecto Aplicacion/Proyecto_de_Aplicaci-n_Sistema_Compresor_Descompresor_Aplicado_a_Procesador_POC/ARM32/memory_controller.sv Line: 33
Info (10041): Inferred latch for "mapAddressSENO[20]" at memory_controller.sv(33) File: C:/TEC/II Semestre 2025/Proyecto/Proyecto Aplicacion/Proyecto_de_Aplicaci-n_Sistema_Compresor_Descompresor_Aplicado_a_Procesador_POC/ARM32/memory_controller.sv Line: 33
Info (10041): Inferred latch for "mapAddressSENO[21]" at memory_controller.sv(33) File: C:/TEC/II Semestre 2025/Proyecto/Proyecto Aplicacion/Proyecto_de_Aplicaci-n_Sistema_Compresor_Descompresor_Aplicado_a_Procesador_POC/ARM32/memory_controller.sv Line: 33
Info (10041): Inferred latch for "mapAddressSENO[22]" at memory_controller.sv(33) File: C:/TEC/II Semestre 2025/Proyecto/Proyecto Aplicacion/Proyecto_de_Aplicaci-n_Sistema_Compresor_Descompresor_Aplicado_a_Procesador_POC/ARM32/memory_controller.sv Line: 33
Info (10041): Inferred latch for "mapAddressSENO[23]" at memory_controller.sv(33) File: C:/TEC/II Semestre 2025/Proyecto/Proyecto Aplicacion/Proyecto_de_Aplicaci-n_Sistema_Compresor_Descompresor_Aplicado_a_Procesador_POC/ARM32/memory_controller.sv Line: 33
Info (10041): Inferred latch for "mapAddressSENO[24]" at memory_controller.sv(33) File: C:/TEC/II Semestre 2025/Proyecto/Proyecto Aplicacion/Proyecto_de_Aplicaci-n_Sistema_Compresor_Descompresor_Aplicado_a_Procesador_POC/ARM32/memory_controller.sv Line: 33
Info (10041): Inferred latch for "mapAddressSENO[25]" at memory_controller.sv(33) File: C:/TEC/II Semestre 2025/Proyecto/Proyecto Aplicacion/Proyecto_de_Aplicaci-n_Sistema_Compresor_Descompresor_Aplicado_a_Procesador_POC/ARM32/memory_controller.sv Line: 33
Info (10041): Inferred latch for "mapAddressSENO[26]" at memory_controller.sv(33) File: C:/TEC/II Semestre 2025/Proyecto/Proyecto Aplicacion/Proyecto_de_Aplicaci-n_Sistema_Compresor_Descompresor_Aplicado_a_Procesador_POC/ARM32/memory_controller.sv Line: 33
Info (10041): Inferred latch for "mapAddressSENO[27]" at memory_controller.sv(33) File: C:/TEC/II Semestre 2025/Proyecto/Proyecto Aplicacion/Proyecto_de_Aplicaci-n_Sistema_Compresor_Descompresor_Aplicado_a_Procesador_POC/ARM32/memory_controller.sv Line: 33
Info (10041): Inferred latch for "mapAddressSENO[28]" at memory_controller.sv(33) File: C:/TEC/II Semestre 2025/Proyecto/Proyecto Aplicacion/Proyecto_de_Aplicaci-n_Sistema_Compresor_Descompresor_Aplicado_a_Procesador_POC/ARM32/memory_controller.sv Line: 33
Info (10041): Inferred latch for "mapAddressSENO[29]" at memory_controller.sv(33) File: C:/TEC/II Semestre 2025/Proyecto/Proyecto Aplicacion/Proyecto_de_Aplicaci-n_Sistema_Compresor_Descompresor_Aplicado_a_Procesador_POC/ARM32/memory_controller.sv Line: 33
Info (10041): Inferred latch for "mapAddressSENO[30]" at memory_controller.sv(33) File: C:/TEC/II Semestre 2025/Proyecto/Proyecto Aplicacion/Proyecto_de_Aplicaci-n_Sistema_Compresor_Descompresor_Aplicado_a_Procesador_POC/ARM32/memory_controller.sv Line: 33
Info (10041): Inferred latch for "mapAddressSENO[31]" at memory_controller.sv(33) File: C:/TEC/II Semestre 2025/Proyecto/Proyecto Aplicacion/Proyecto_de_Aplicaci-n_Sistema_Compresor_Descompresor_Aplicado_a_Procesador_POC/ARM32/memory_controller.sv Line: 33
Info (10041): Inferred latch for "mapAddressROM[0]" at memory_controller.sv(33) File: C:/TEC/II Semestre 2025/Proyecto/Proyecto Aplicacion/Proyecto_de_Aplicaci-n_Sistema_Compresor_Descompresor_Aplicado_a_Procesador_POC/ARM32/memory_controller.sv Line: 33
Info (10041): Inferred latch for "mapAddressROM[1]" at memory_controller.sv(33) File: C:/TEC/II Semestre 2025/Proyecto/Proyecto Aplicacion/Proyecto_de_Aplicaci-n_Sistema_Compresor_Descompresor_Aplicado_a_Procesador_POC/ARM32/memory_controller.sv Line: 33
Info (10041): Inferred latch for "mapAddressROM[2]" at memory_controller.sv(33) File: C:/TEC/II Semestre 2025/Proyecto/Proyecto Aplicacion/Proyecto_de_Aplicaci-n_Sistema_Compresor_Descompresor_Aplicado_a_Procesador_POC/ARM32/memory_controller.sv Line: 33
Info (10041): Inferred latch for "mapAddressROM[3]" at memory_controller.sv(33) File: C:/TEC/II Semestre 2025/Proyecto/Proyecto Aplicacion/Proyecto_de_Aplicaci-n_Sistema_Compresor_Descompresor_Aplicado_a_Procesador_POC/ARM32/memory_controller.sv Line: 33
Info (10041): Inferred latch for "mapAddressROM[4]" at memory_controller.sv(33) File: C:/TEC/II Semestre 2025/Proyecto/Proyecto Aplicacion/Proyecto_de_Aplicaci-n_Sistema_Compresor_Descompresor_Aplicado_a_Procesador_POC/ARM32/memory_controller.sv Line: 33
Info (10041): Inferred latch for "mapAddressROM[5]" at memory_controller.sv(33) File: C:/TEC/II Semestre 2025/Proyecto/Proyecto Aplicacion/Proyecto_de_Aplicaci-n_Sistema_Compresor_Descompresor_Aplicado_a_Procesador_POC/ARM32/memory_controller.sv Line: 33
Info (10041): Inferred latch for "mapAddressROM[6]" at memory_controller.sv(33) File: C:/TEC/II Semestre 2025/Proyecto/Proyecto Aplicacion/Proyecto_de_Aplicaci-n_Sistema_Compresor_Descompresor_Aplicado_a_Procesador_POC/ARM32/memory_controller.sv Line: 33
Info (10041): Inferred latch for "mapAddressROM[7]" at memory_controller.sv(33) File: C:/TEC/II Semestre 2025/Proyecto/Proyecto Aplicacion/Proyecto_de_Aplicaci-n_Sistema_Compresor_Descompresor_Aplicado_a_Procesador_POC/ARM32/memory_controller.sv Line: 33
Info (10041): Inferred latch for "mapAddressROM[8]" at memory_controller.sv(33) File: C:/TEC/II Semestre 2025/Proyecto/Proyecto Aplicacion/Proyecto_de_Aplicaci-n_Sistema_Compresor_Descompresor_Aplicado_a_Procesador_POC/ARM32/memory_controller.sv Line: 33
Info (10041): Inferred latch for "mapAddressROM[9]" at memory_controller.sv(33) File: C:/TEC/II Semestre 2025/Proyecto/Proyecto Aplicacion/Proyecto_de_Aplicaci-n_Sistema_Compresor_Descompresor_Aplicado_a_Procesador_POC/ARM32/memory_controller.sv Line: 33
Info (10041): Inferred latch for "mapAddressROM[10]" at memory_controller.sv(33) File: C:/TEC/II Semestre 2025/Proyecto/Proyecto Aplicacion/Proyecto_de_Aplicaci-n_Sistema_Compresor_Descompresor_Aplicado_a_Procesador_POC/ARM32/memory_controller.sv Line: 33
Info (10041): Inferred latch for "mapAddressROM[11]" at memory_controller.sv(33) File: C:/TEC/II Semestre 2025/Proyecto/Proyecto Aplicacion/Proyecto_de_Aplicaci-n_Sistema_Compresor_Descompresor_Aplicado_a_Procesador_POC/ARM32/memory_controller.sv Line: 33
Info (10041): Inferred latch for "mapAddressROM[12]" at memory_controller.sv(33) File: C:/TEC/II Semestre 2025/Proyecto/Proyecto Aplicacion/Proyecto_de_Aplicaci-n_Sistema_Compresor_Descompresor_Aplicado_a_Procesador_POC/ARM32/memory_controller.sv Line: 33
Info (10041): Inferred latch for "mapAddressROM[13]" at memory_controller.sv(33) File: C:/TEC/II Semestre 2025/Proyecto/Proyecto Aplicacion/Proyecto_de_Aplicaci-n_Sistema_Compresor_Descompresor_Aplicado_a_Procesador_POC/ARM32/memory_controller.sv Line: 33
Info (10041): Inferred latch for "mapAddressROM[14]" at memory_controller.sv(33) File: C:/TEC/II Semestre 2025/Proyecto/Proyecto Aplicacion/Proyecto_de_Aplicaci-n_Sistema_Compresor_Descompresor_Aplicado_a_Procesador_POC/ARM32/memory_controller.sv Line: 33
Info (10041): Inferred latch for "mapAddressROM[15]" at memory_controller.sv(33) File: C:/TEC/II Semestre 2025/Proyecto/Proyecto Aplicacion/Proyecto_de_Aplicaci-n_Sistema_Compresor_Descompresor_Aplicado_a_Procesador_POC/ARM32/memory_controller.sv Line: 33
Info (10041): Inferred latch for "mapAddressROM[16]" at memory_controller.sv(33) File: C:/TEC/II Semestre 2025/Proyecto/Proyecto Aplicacion/Proyecto_de_Aplicaci-n_Sistema_Compresor_Descompresor_Aplicado_a_Procesador_POC/ARM32/memory_controller.sv Line: 33
Info (10041): Inferred latch for "mapAddressROM[17]" at memory_controller.sv(33) File: C:/TEC/II Semestre 2025/Proyecto/Proyecto Aplicacion/Proyecto_de_Aplicaci-n_Sistema_Compresor_Descompresor_Aplicado_a_Procesador_POC/ARM32/memory_controller.sv Line: 33
Info (10041): Inferred latch for "mapAddressROM[18]" at memory_controller.sv(33) File: C:/TEC/II Semestre 2025/Proyecto/Proyecto Aplicacion/Proyecto_de_Aplicaci-n_Sistema_Compresor_Descompresor_Aplicado_a_Procesador_POC/ARM32/memory_controller.sv Line: 33
Info (10041): Inferred latch for "mapAddressROM[19]" at memory_controller.sv(33) File: C:/TEC/II Semestre 2025/Proyecto/Proyecto Aplicacion/Proyecto_de_Aplicaci-n_Sistema_Compresor_Descompresor_Aplicado_a_Procesador_POC/ARM32/memory_controller.sv Line: 33
Info (10041): Inferred latch for "mapAddressROM[20]" at memory_controller.sv(33) File: C:/TEC/II Semestre 2025/Proyecto/Proyecto Aplicacion/Proyecto_de_Aplicaci-n_Sistema_Compresor_Descompresor_Aplicado_a_Procesador_POC/ARM32/memory_controller.sv Line: 33
Info (10041): Inferred latch for "mapAddressROM[21]" at memory_controller.sv(33) File: C:/TEC/II Semestre 2025/Proyecto/Proyecto Aplicacion/Proyecto_de_Aplicaci-n_Sistema_Compresor_Descompresor_Aplicado_a_Procesador_POC/ARM32/memory_controller.sv Line: 33
Info (10041): Inferred latch for "mapAddressROM[22]" at memory_controller.sv(33) File: C:/TEC/II Semestre 2025/Proyecto/Proyecto Aplicacion/Proyecto_de_Aplicaci-n_Sistema_Compresor_Descompresor_Aplicado_a_Procesador_POC/ARM32/memory_controller.sv Line: 33
Info (10041): Inferred latch for "mapAddressROM[23]" at memory_controller.sv(33) File: C:/TEC/II Semestre 2025/Proyecto/Proyecto Aplicacion/Proyecto_de_Aplicaci-n_Sistema_Compresor_Descompresor_Aplicado_a_Procesador_POC/ARM32/memory_controller.sv Line: 33
Info (10041): Inferred latch for "mapAddressROM[24]" at memory_controller.sv(33) File: C:/TEC/II Semestre 2025/Proyecto/Proyecto Aplicacion/Proyecto_de_Aplicaci-n_Sistema_Compresor_Descompresor_Aplicado_a_Procesador_POC/ARM32/memory_controller.sv Line: 33
Info (10041): Inferred latch for "mapAddressROM[25]" at memory_controller.sv(33) File: C:/TEC/II Semestre 2025/Proyecto/Proyecto Aplicacion/Proyecto_de_Aplicaci-n_Sistema_Compresor_Descompresor_Aplicado_a_Procesador_POC/ARM32/memory_controller.sv Line: 33
Info (10041): Inferred latch for "mapAddressROM[26]" at memory_controller.sv(33) File: C:/TEC/II Semestre 2025/Proyecto/Proyecto Aplicacion/Proyecto_de_Aplicaci-n_Sistema_Compresor_Descompresor_Aplicado_a_Procesador_POC/ARM32/memory_controller.sv Line: 33
Info (10041): Inferred latch for "mapAddressROM[27]" at memory_controller.sv(33) File: C:/TEC/II Semestre 2025/Proyecto/Proyecto Aplicacion/Proyecto_de_Aplicaci-n_Sistema_Compresor_Descompresor_Aplicado_a_Procesador_POC/ARM32/memory_controller.sv Line: 33
Info (10041): Inferred latch for "mapAddressROM[28]" at memory_controller.sv(33) File: C:/TEC/II Semestre 2025/Proyecto/Proyecto Aplicacion/Proyecto_de_Aplicaci-n_Sistema_Compresor_Descompresor_Aplicado_a_Procesador_POC/ARM32/memory_controller.sv Line: 33
Info (10041): Inferred latch for "mapAddressROM[29]" at memory_controller.sv(33) File: C:/TEC/II Semestre 2025/Proyecto/Proyecto Aplicacion/Proyecto_de_Aplicaci-n_Sistema_Compresor_Descompresor_Aplicado_a_Procesador_POC/ARM32/memory_controller.sv Line: 33
Info (10041): Inferred latch for "mapAddressROM[30]" at memory_controller.sv(33) File: C:/TEC/II Semestre 2025/Proyecto/Proyecto Aplicacion/Proyecto_de_Aplicaci-n_Sistema_Compresor_Descompresor_Aplicado_a_Procesador_POC/ARM32/memory_controller.sv Line: 33
Info (10041): Inferred latch for "mapAddressROM[31]" at memory_controller.sv(33) File: C:/TEC/II Semestre 2025/Proyecto/Proyecto Aplicacion/Proyecto_de_Aplicaci-n_Sistema_Compresor_Descompresor_Aplicado_a_Procesador_POC/ARM32/memory_controller.sv Line: 33
Info (10041): Inferred latch for "instruction[0]" at memory_controller.sv(18) File: C:/TEC/II Semestre 2025/Proyecto/Proyecto Aplicacion/Proyecto_de_Aplicaci-n_Sistema_Compresor_Descompresor_Aplicado_a_Procesador_POC/ARM32/memory_controller.sv Line: 18
Info (10041): Inferred latch for "instruction[1]" at memory_controller.sv(18) File: C:/TEC/II Semestre 2025/Proyecto/Proyecto Aplicacion/Proyecto_de_Aplicaci-n_Sistema_Compresor_Descompresor_Aplicado_a_Procesador_POC/ARM32/memory_controller.sv Line: 18
Info (10041): Inferred latch for "instruction[2]" at memory_controller.sv(18) File: C:/TEC/II Semestre 2025/Proyecto/Proyecto Aplicacion/Proyecto_de_Aplicaci-n_Sistema_Compresor_Descompresor_Aplicado_a_Procesador_POC/ARM32/memory_controller.sv Line: 18
Info (10041): Inferred latch for "instruction[3]" at memory_controller.sv(18) File: C:/TEC/II Semestre 2025/Proyecto/Proyecto Aplicacion/Proyecto_de_Aplicaci-n_Sistema_Compresor_Descompresor_Aplicado_a_Procesador_POC/ARM32/memory_controller.sv Line: 18
Info (10041): Inferred latch for "instruction[4]" at memory_controller.sv(18) File: C:/TEC/II Semestre 2025/Proyecto/Proyecto Aplicacion/Proyecto_de_Aplicaci-n_Sistema_Compresor_Descompresor_Aplicado_a_Procesador_POC/ARM32/memory_controller.sv Line: 18
Info (10041): Inferred latch for "instruction[5]" at memory_controller.sv(18) File: C:/TEC/II Semestre 2025/Proyecto/Proyecto Aplicacion/Proyecto_de_Aplicaci-n_Sistema_Compresor_Descompresor_Aplicado_a_Procesador_POC/ARM32/memory_controller.sv Line: 18
Info (10041): Inferred latch for "instruction[6]" at memory_controller.sv(18) File: C:/TEC/II Semestre 2025/Proyecto/Proyecto Aplicacion/Proyecto_de_Aplicaci-n_Sistema_Compresor_Descompresor_Aplicado_a_Procesador_POC/ARM32/memory_controller.sv Line: 18
Info (10041): Inferred latch for "instruction[7]" at memory_controller.sv(18) File: C:/TEC/II Semestre 2025/Proyecto/Proyecto Aplicacion/Proyecto_de_Aplicaci-n_Sistema_Compresor_Descompresor_Aplicado_a_Procesador_POC/ARM32/memory_controller.sv Line: 18
Info (10041): Inferred latch for "instruction[8]" at memory_controller.sv(18) File: C:/TEC/II Semestre 2025/Proyecto/Proyecto Aplicacion/Proyecto_de_Aplicaci-n_Sistema_Compresor_Descompresor_Aplicado_a_Procesador_POC/ARM32/memory_controller.sv Line: 18
Info (10041): Inferred latch for "instruction[9]" at memory_controller.sv(18) File: C:/TEC/II Semestre 2025/Proyecto/Proyecto Aplicacion/Proyecto_de_Aplicaci-n_Sistema_Compresor_Descompresor_Aplicado_a_Procesador_POC/ARM32/memory_controller.sv Line: 18
Info (10041): Inferred latch for "instruction[10]" at memory_controller.sv(18) File: C:/TEC/II Semestre 2025/Proyecto/Proyecto Aplicacion/Proyecto_de_Aplicaci-n_Sistema_Compresor_Descompresor_Aplicado_a_Procesador_POC/ARM32/memory_controller.sv Line: 18
Info (10041): Inferred latch for "instruction[11]" at memory_controller.sv(18) File: C:/TEC/II Semestre 2025/Proyecto/Proyecto Aplicacion/Proyecto_de_Aplicaci-n_Sistema_Compresor_Descompresor_Aplicado_a_Procesador_POC/ARM32/memory_controller.sv Line: 18
Info (10041): Inferred latch for "instruction[12]" at memory_controller.sv(18) File: C:/TEC/II Semestre 2025/Proyecto/Proyecto Aplicacion/Proyecto_de_Aplicaci-n_Sistema_Compresor_Descompresor_Aplicado_a_Procesador_POC/ARM32/memory_controller.sv Line: 18
Info (10041): Inferred latch for "instruction[13]" at memory_controller.sv(18) File: C:/TEC/II Semestre 2025/Proyecto/Proyecto Aplicacion/Proyecto_de_Aplicaci-n_Sistema_Compresor_Descompresor_Aplicado_a_Procesador_POC/ARM32/memory_controller.sv Line: 18
Info (10041): Inferred latch for "instruction[14]" at memory_controller.sv(18) File: C:/TEC/II Semestre 2025/Proyecto/Proyecto Aplicacion/Proyecto_de_Aplicaci-n_Sistema_Compresor_Descompresor_Aplicado_a_Procesador_POC/ARM32/memory_controller.sv Line: 18
Info (10041): Inferred latch for "instruction[15]" at memory_controller.sv(18) File: C:/TEC/II Semestre 2025/Proyecto/Proyecto Aplicacion/Proyecto_de_Aplicaci-n_Sistema_Compresor_Descompresor_Aplicado_a_Procesador_POC/ARM32/memory_controller.sv Line: 18
Info (10041): Inferred latch for "instruction[16]" at memory_controller.sv(18) File: C:/TEC/II Semestre 2025/Proyecto/Proyecto Aplicacion/Proyecto_de_Aplicaci-n_Sistema_Compresor_Descompresor_Aplicado_a_Procesador_POC/ARM32/memory_controller.sv Line: 18
Info (10041): Inferred latch for "instruction[17]" at memory_controller.sv(18) File: C:/TEC/II Semestre 2025/Proyecto/Proyecto Aplicacion/Proyecto_de_Aplicaci-n_Sistema_Compresor_Descompresor_Aplicado_a_Procesador_POC/ARM32/memory_controller.sv Line: 18
Info (10041): Inferred latch for "instruction[18]" at memory_controller.sv(18) File: C:/TEC/II Semestre 2025/Proyecto/Proyecto Aplicacion/Proyecto_de_Aplicaci-n_Sistema_Compresor_Descompresor_Aplicado_a_Procesador_POC/ARM32/memory_controller.sv Line: 18
Info (10041): Inferred latch for "instruction[19]" at memory_controller.sv(18) File: C:/TEC/II Semestre 2025/Proyecto/Proyecto Aplicacion/Proyecto_de_Aplicaci-n_Sistema_Compresor_Descompresor_Aplicado_a_Procesador_POC/ARM32/memory_controller.sv Line: 18
Info (10041): Inferred latch for "instruction[20]" at memory_controller.sv(18) File: C:/TEC/II Semestre 2025/Proyecto/Proyecto Aplicacion/Proyecto_de_Aplicaci-n_Sistema_Compresor_Descompresor_Aplicado_a_Procesador_POC/ARM32/memory_controller.sv Line: 18
Info (10041): Inferred latch for "instruction[21]" at memory_controller.sv(18) File: C:/TEC/II Semestre 2025/Proyecto/Proyecto Aplicacion/Proyecto_de_Aplicaci-n_Sistema_Compresor_Descompresor_Aplicado_a_Procesador_POC/ARM32/memory_controller.sv Line: 18
Info (10041): Inferred latch for "instruction[22]" at memory_controller.sv(18) File: C:/TEC/II Semestre 2025/Proyecto/Proyecto Aplicacion/Proyecto_de_Aplicaci-n_Sistema_Compresor_Descompresor_Aplicado_a_Procesador_POC/ARM32/memory_controller.sv Line: 18
Info (10041): Inferred latch for "instruction[23]" at memory_controller.sv(18) File: C:/TEC/II Semestre 2025/Proyecto/Proyecto Aplicacion/Proyecto_de_Aplicaci-n_Sistema_Compresor_Descompresor_Aplicado_a_Procesador_POC/ARM32/memory_controller.sv Line: 18
Info (10041): Inferred latch for "instruction[24]" at memory_controller.sv(18) File: C:/TEC/II Semestre 2025/Proyecto/Proyecto Aplicacion/Proyecto_de_Aplicaci-n_Sistema_Compresor_Descompresor_Aplicado_a_Procesador_POC/ARM32/memory_controller.sv Line: 18
Info (10041): Inferred latch for "instruction[25]" at memory_controller.sv(18) File: C:/TEC/II Semestre 2025/Proyecto/Proyecto Aplicacion/Proyecto_de_Aplicaci-n_Sistema_Compresor_Descompresor_Aplicado_a_Procesador_POC/ARM32/memory_controller.sv Line: 18
Info (10041): Inferred latch for "instruction[26]" at memory_controller.sv(18) File: C:/TEC/II Semestre 2025/Proyecto/Proyecto Aplicacion/Proyecto_de_Aplicaci-n_Sistema_Compresor_Descompresor_Aplicado_a_Procesador_POC/ARM32/memory_controller.sv Line: 18
Info (10041): Inferred latch for "instruction[27]" at memory_controller.sv(18) File: C:/TEC/II Semestre 2025/Proyecto/Proyecto Aplicacion/Proyecto_de_Aplicaci-n_Sistema_Compresor_Descompresor_Aplicado_a_Procesador_POC/ARM32/memory_controller.sv Line: 18
Info (10041): Inferred latch for "instruction[28]" at memory_controller.sv(18) File: C:/TEC/II Semestre 2025/Proyecto/Proyecto Aplicacion/Proyecto_de_Aplicaci-n_Sistema_Compresor_Descompresor_Aplicado_a_Procesador_POC/ARM32/memory_controller.sv Line: 18
Info (10041): Inferred latch for "instruction[29]" at memory_controller.sv(18) File: C:/TEC/II Semestre 2025/Proyecto/Proyecto Aplicacion/Proyecto_de_Aplicaci-n_Sistema_Compresor_Descompresor_Aplicado_a_Procesador_POC/ARM32/memory_controller.sv Line: 18
Info (10041): Inferred latch for "instruction[30]" at memory_controller.sv(18) File: C:/TEC/II Semestre 2025/Proyecto/Proyecto Aplicacion/Proyecto_de_Aplicaci-n_Sistema_Compresor_Descompresor_Aplicado_a_Procesador_POC/ARM32/memory_controller.sv Line: 18
Info (10041): Inferred latch for "instruction[31]" at memory_controller.sv(18) File: C:/TEC/II Semestre 2025/Proyecto/Proyecto Aplicacion/Proyecto_de_Aplicaci-n_Sistema_Compresor_Descompresor_Aplicado_a_Procesador_POC/ARM32/memory_controller.sv Line: 18
Info (10041): Inferred latch for "mapAddressInstructions[0]" at memory_controller.sv(18) File: C:/TEC/II Semestre 2025/Proyecto/Proyecto Aplicacion/Proyecto_de_Aplicaci-n_Sistema_Compresor_Descompresor_Aplicado_a_Procesador_POC/ARM32/memory_controller.sv Line: 18
Info (10041): Inferred latch for "mapAddressInstructions[1]" at memory_controller.sv(18) File: C:/TEC/II Semestre 2025/Proyecto/Proyecto Aplicacion/Proyecto_de_Aplicaci-n_Sistema_Compresor_Descompresor_Aplicado_a_Procesador_POC/ARM32/memory_controller.sv Line: 18
Info (10041): Inferred latch for "mapAddressInstructions[2]" at memory_controller.sv(18) File: C:/TEC/II Semestre 2025/Proyecto/Proyecto Aplicacion/Proyecto_de_Aplicaci-n_Sistema_Compresor_Descompresor_Aplicado_a_Procesador_POC/ARM32/memory_controller.sv Line: 18
Info (10041): Inferred latch for "mapAddressInstructions[3]" at memory_controller.sv(18) File: C:/TEC/II Semestre 2025/Proyecto/Proyecto Aplicacion/Proyecto_de_Aplicaci-n_Sistema_Compresor_Descompresor_Aplicado_a_Procesador_POC/ARM32/memory_controller.sv Line: 18
Info (10041): Inferred latch for "mapAddressInstructions[4]" at memory_controller.sv(18) File: C:/TEC/II Semestre 2025/Proyecto/Proyecto Aplicacion/Proyecto_de_Aplicaci-n_Sistema_Compresor_Descompresor_Aplicado_a_Procesador_POC/ARM32/memory_controller.sv Line: 18
Info (10041): Inferred latch for "mapAddressInstructions[5]" at memory_controller.sv(18) File: C:/TEC/II Semestre 2025/Proyecto/Proyecto Aplicacion/Proyecto_de_Aplicaci-n_Sistema_Compresor_Descompresor_Aplicado_a_Procesador_POC/ARM32/memory_controller.sv Line: 18
Info (10041): Inferred latch for "mapAddressInstructions[6]" at memory_controller.sv(18) File: C:/TEC/II Semestre 2025/Proyecto/Proyecto Aplicacion/Proyecto_de_Aplicaci-n_Sistema_Compresor_Descompresor_Aplicado_a_Procesador_POC/ARM32/memory_controller.sv Line: 18
Info (10041): Inferred latch for "mapAddressInstructions[7]" at memory_controller.sv(18) File: C:/TEC/II Semestre 2025/Proyecto/Proyecto Aplicacion/Proyecto_de_Aplicaci-n_Sistema_Compresor_Descompresor_Aplicado_a_Procesador_POC/ARM32/memory_controller.sv Line: 18
Info (10041): Inferred latch for "mapAddressInstructions[8]" at memory_controller.sv(18) File: C:/TEC/II Semestre 2025/Proyecto/Proyecto Aplicacion/Proyecto_de_Aplicaci-n_Sistema_Compresor_Descompresor_Aplicado_a_Procesador_POC/ARM32/memory_controller.sv Line: 18
Info (10041): Inferred latch for "mapAddressInstructions[9]" at memory_controller.sv(18) File: C:/TEC/II Semestre 2025/Proyecto/Proyecto Aplicacion/Proyecto_de_Aplicaci-n_Sistema_Compresor_Descompresor_Aplicado_a_Procesador_POC/ARM32/memory_controller.sv Line: 18
Info (10041): Inferred latch for "mapAddressInstructions[10]" at memory_controller.sv(18) File: C:/TEC/II Semestre 2025/Proyecto/Proyecto Aplicacion/Proyecto_de_Aplicaci-n_Sistema_Compresor_Descompresor_Aplicado_a_Procesador_POC/ARM32/memory_controller.sv Line: 18
Info (10041): Inferred latch for "mapAddressInstructions[11]" at memory_controller.sv(18) File: C:/TEC/II Semestre 2025/Proyecto/Proyecto Aplicacion/Proyecto_de_Aplicaci-n_Sistema_Compresor_Descompresor_Aplicado_a_Procesador_POC/ARM32/memory_controller.sv Line: 18
Info (10041): Inferred latch for "mapAddressInstructions[12]" at memory_controller.sv(18) File: C:/TEC/II Semestre 2025/Proyecto/Proyecto Aplicacion/Proyecto_de_Aplicaci-n_Sistema_Compresor_Descompresor_Aplicado_a_Procesador_POC/ARM32/memory_controller.sv Line: 18
Info (10041): Inferred latch for "mapAddressInstructions[13]" at memory_controller.sv(18) File: C:/TEC/II Semestre 2025/Proyecto/Proyecto Aplicacion/Proyecto_de_Aplicaci-n_Sistema_Compresor_Descompresor_Aplicado_a_Procesador_POC/ARM32/memory_controller.sv Line: 18
Info (10041): Inferred latch for "mapAddressInstructions[14]" at memory_controller.sv(18) File: C:/TEC/II Semestre 2025/Proyecto/Proyecto Aplicacion/Proyecto_de_Aplicaci-n_Sistema_Compresor_Descompresor_Aplicado_a_Procesador_POC/ARM32/memory_controller.sv Line: 18
Info (10041): Inferred latch for "mapAddressInstructions[15]" at memory_controller.sv(18) File: C:/TEC/II Semestre 2025/Proyecto/Proyecto Aplicacion/Proyecto_de_Aplicaci-n_Sistema_Compresor_Descompresor_Aplicado_a_Procesador_POC/ARM32/memory_controller.sv Line: 18
Info (10041): Inferred latch for "mapAddressInstructions[16]" at memory_controller.sv(18) File: C:/TEC/II Semestre 2025/Proyecto/Proyecto Aplicacion/Proyecto_de_Aplicaci-n_Sistema_Compresor_Descompresor_Aplicado_a_Procesador_POC/ARM32/memory_controller.sv Line: 18
Info (10041): Inferred latch for "mapAddressInstructions[17]" at memory_controller.sv(18) File: C:/TEC/II Semestre 2025/Proyecto/Proyecto Aplicacion/Proyecto_de_Aplicaci-n_Sistema_Compresor_Descompresor_Aplicado_a_Procesador_POC/ARM32/memory_controller.sv Line: 18
Info (10041): Inferred latch for "mapAddressInstructions[18]" at memory_controller.sv(18) File: C:/TEC/II Semestre 2025/Proyecto/Proyecto Aplicacion/Proyecto_de_Aplicaci-n_Sistema_Compresor_Descompresor_Aplicado_a_Procesador_POC/ARM32/memory_controller.sv Line: 18
Info (10041): Inferred latch for "mapAddressInstructions[19]" at memory_controller.sv(18) File: C:/TEC/II Semestre 2025/Proyecto/Proyecto Aplicacion/Proyecto_de_Aplicaci-n_Sistema_Compresor_Descompresor_Aplicado_a_Procesador_POC/ARM32/memory_controller.sv Line: 18
Info (10041): Inferred latch for "mapAddressInstructions[20]" at memory_controller.sv(18) File: C:/TEC/II Semestre 2025/Proyecto/Proyecto Aplicacion/Proyecto_de_Aplicaci-n_Sistema_Compresor_Descompresor_Aplicado_a_Procesador_POC/ARM32/memory_controller.sv Line: 18
Info (10041): Inferred latch for "mapAddressInstructions[21]" at memory_controller.sv(18) File: C:/TEC/II Semestre 2025/Proyecto/Proyecto Aplicacion/Proyecto_de_Aplicaci-n_Sistema_Compresor_Descompresor_Aplicado_a_Procesador_POC/ARM32/memory_controller.sv Line: 18
Info (10041): Inferred latch for "mapAddressInstructions[22]" at memory_controller.sv(18) File: C:/TEC/II Semestre 2025/Proyecto/Proyecto Aplicacion/Proyecto_de_Aplicaci-n_Sistema_Compresor_Descompresor_Aplicado_a_Procesador_POC/ARM32/memory_controller.sv Line: 18
Info (10041): Inferred latch for "mapAddressInstructions[23]" at memory_controller.sv(18) File: C:/TEC/II Semestre 2025/Proyecto/Proyecto Aplicacion/Proyecto_de_Aplicaci-n_Sistema_Compresor_Descompresor_Aplicado_a_Procesador_POC/ARM32/memory_controller.sv Line: 18
Info (10041): Inferred latch for "mapAddressInstructions[24]" at memory_controller.sv(18) File: C:/TEC/II Semestre 2025/Proyecto/Proyecto Aplicacion/Proyecto_de_Aplicaci-n_Sistema_Compresor_Descompresor_Aplicado_a_Procesador_POC/ARM32/memory_controller.sv Line: 18
Info (10041): Inferred latch for "mapAddressInstructions[25]" at memory_controller.sv(18) File: C:/TEC/II Semestre 2025/Proyecto/Proyecto Aplicacion/Proyecto_de_Aplicaci-n_Sistema_Compresor_Descompresor_Aplicado_a_Procesador_POC/ARM32/memory_controller.sv Line: 18
Info (10041): Inferred latch for "mapAddressInstructions[26]" at memory_controller.sv(18) File: C:/TEC/II Semestre 2025/Proyecto/Proyecto Aplicacion/Proyecto_de_Aplicaci-n_Sistema_Compresor_Descompresor_Aplicado_a_Procesador_POC/ARM32/memory_controller.sv Line: 18
Info (10041): Inferred latch for "mapAddressInstructions[27]" at memory_controller.sv(18) File: C:/TEC/II Semestre 2025/Proyecto/Proyecto Aplicacion/Proyecto_de_Aplicaci-n_Sistema_Compresor_Descompresor_Aplicado_a_Procesador_POC/ARM32/memory_controller.sv Line: 18
Info (10041): Inferred latch for "mapAddressInstructions[28]" at memory_controller.sv(18) File: C:/TEC/II Semestre 2025/Proyecto/Proyecto Aplicacion/Proyecto_de_Aplicaci-n_Sistema_Compresor_Descompresor_Aplicado_a_Procesador_POC/ARM32/memory_controller.sv Line: 18
Info (10041): Inferred latch for "mapAddressInstructions[29]" at memory_controller.sv(18) File: C:/TEC/II Semestre 2025/Proyecto/Proyecto Aplicacion/Proyecto_de_Aplicaci-n_Sistema_Compresor_Descompresor_Aplicado_a_Procesador_POC/ARM32/memory_controller.sv Line: 18
Info (10041): Inferred latch for "mapAddressInstructions[30]" at memory_controller.sv(18) File: C:/TEC/II Semestre 2025/Proyecto/Proyecto Aplicacion/Proyecto_de_Aplicaci-n_Sistema_Compresor_Descompresor_Aplicado_a_Procesador_POC/ARM32/memory_controller.sv Line: 18
Info (10041): Inferred latch for "mapAddressInstructions[31]" at memory_controller.sv(18) File: C:/TEC/II Semestre 2025/Proyecto/Proyecto Aplicacion/Proyecto_de_Aplicaci-n_Sistema_Compresor_Descompresor_Aplicado_a_Procesador_POC/ARM32/memory_controller.sv Line: 18
Info (12128): Elaborating entity "segment_mem_wb" for hierarchy "segment_mem_wb:mem_wb" File: C:/TEC/II Semestre 2025/Proyecto/Proyecto Aplicacion/Proyecto_de_Aplicaci-n_Sistema_Compresor_Descompresor_Aplicado_a_Procesador_POC/ARM32/pipeline_processor.sv Line: 102
Error (12006): Node instance "ram" instantiates undefined entity "dmem_ram". Ensure that required library paths are specified correctly, define the specified entity, or change the instantiation. If this entity represents Intel FPGA or third-party IP, generate the synthesis files for the IP. File: C:/TEC/II Semestre 2025/Proyecto/Proyecto Aplicacion/Proyecto_de_Aplicaci-n_Sistema_Compresor_Descompresor_Aplicado_a_Procesador_POC/ARM32/memory_controller.sv Line: 8
Error (12006): Node instance "rom" instantiates undefined entity "dmem_rom". Ensure that required library paths are specified correctly, define the specified entity, or change the instantiation. If this entity represents Intel FPGA or third-party IP, generate the synthesis files for the IP. File: C:/TEC/II Semestre 2025/Proyecto/Proyecto Aplicacion/Proyecto_de_Aplicaci-n_Sistema_Compresor_Descompresor_Aplicado_a_Procesador_POC/ARM32/memory_controller.sv Line: 9
Error (12006): Node instance "seno" instantiates undefined entity "dmem_seno". Ensure that required library paths are specified correctly, define the specified entity, or change the instantiation. If this entity represents Intel FPGA or third-party IP, generate the synthesis files for the IP. File: C:/TEC/II Semestre 2025/Proyecto/Proyecto Aplicacion/Proyecto_de_Aplicaci-n_Sistema_Compresor_Descompresor_Aplicado_a_Procesador_POC/ARM32/memory_controller.sv Line: 11
Error (12006): Node instance "imem_rom" instantiates undefined entity "m_descompresor". Ensure that required library paths are specified correctly, define the specified entity, or change the instantiation. If this entity represents Intel FPGA or third-party IP, generate the synthesis files for the IP. File: C:/TEC/II Semestre 2025/Proyecto/Proyecto Aplicacion/Proyecto_de_Aplicaci-n_Sistema_Compresor_Descompresor_Aplicado_a_Procesador_POC/ARM32/memory_controller.sv Line: 12
Info (144001): Generated suppressed messages file C:/TEC/II Semestre 2025/Proyecto/Proyecto Aplicacion/Proyecto_de_Aplicaci-n_Sistema_Compresor_Descompresor_Aplicado_a_Procesador_POC/ARM32/output_files/Processor_Baseline.map.smsg
Error: Quartus Prime Analysis & Elaboration was unsuccessful. 4 errors, 2 warnings
    Error: Peak virtual memory: 4791 megabytes
    Error: Processing ended: Fri Oct 17 08:47:38 2025
    Error: Elapsed time: 00:00:06
    Error: Total CPU time (on all processors): 00:00:14


+--------------------------------------------+
; Analysis & Elaboration Suppressed Messages ;
+--------------------------------------------+
The suppressed messages can be found in C:/TEC/II Semestre 2025/Proyecto/Proyecto Aplicacion/Proyecto_de_Aplicaci-n_Sistema_Compresor_Descompresor_Aplicado_a_Procesador_POC/ARM32/output_files/Processor_Baseline.map.smsg.


